#
# There is insufficient memory for the Java Runtime Environment to continue.
# Native memory allocation (malloc) failed to allocate 1014128 bytes. Error detail: Chunk::new
# Possible reasons:
#   The system is out of physical RAM or swap space
#   This process is running with CompressedOops enabled, and the Java Heap may be blocking the growth of the native heap
# Possible solutions:
#   Reduce memory load on the system
#   Increase physical memory or swap space
#   Check if swap backing store is full
#   Decrease Java heap size (-Xmx/-Xms)
#   Decrease number of Java threads
#   Decrease Java thread stack sizes (-Xss)
#   Set larger code cache with -XX:ReservedCodeCacheSize=
#   JVM is running with Unscaled Compressed Oops mode in which the Java heap is
#     placed in the first 4GB address space. The Java Heap base address is the
#     maximum limit for the native heap growth. Please use -XX:HeapBaseMinAddress
#     to set the Java Heap base and to place the Java Heap above 4GB virtual address.
# This output file may be truncated or incomplete.
#
#  Out of Memory Error (arena.cpp:191), pid=20432, tid=20672
#
# JRE version: OpenJDK Runtime Environment Temurin-17.0.12+7 (17.0.12+7) (build 17.0.12+7)
# Java VM: OpenJDK 64-Bit Server VM Temurin-17.0.12+7 (17.0.12+7, mixed mode, tiered, compressed oops, compressed class ptrs, parallel gc, windows-amd64)
# No core dump will be written. Minidumps are not enabled by default on client versions of Windows
#

---------------  S U M M A R Y ------------

Command Line: --add-modules=ALL-SYSTEM --add-opens=java.base/java.util=ALL-UNNAMED --add-opens=java.base/java.lang=ALL-UNNAMED --add-opens=java.base/sun.nio.fs=ALL-UNNAMED -Declipse.application=org.eclipse.jdt.ls.core.id1 -Dosgi.bundles.defaultStartLevel=4 -Declipse.product=org.eclipse.jdt.ls.core.product -Djava.import.generatesMetadataFilesAtProjectRoot=false -DDetectVMInstallationsJob.disabled=true -Dfile.encoding=utf8 -XX:+UseParallelGC -XX:GCTimeRatio=4 -XX:AdaptiveSizePolicyWeight=90 -Dsun.zip.disableMemoryMapping=true -Xmx1G -Xms100m -Xlog:disable -javaagent:c:\Users\tenet\.vscode-insiders\extensions\redhat.java-1.34.2024081608-win32-x64\lombok\lombok-1.18.33.jar -XX:+HeapDumpOnOutOfMemoryError -XX:HeapDumpPath=c:\Users\tenet\AppData\Roaming\Code - Insiders\User\workspaceStorage\dc051d807f8656ab26a78bfd4f4b833c\redhat.java -Daether.dependencyCollector.impl=bf -Djdt.core.sharedIndexLocation=C:\Users\tenet\AppData\Roaming\.jdt\index -Xmx1024M c:\Users\tenet\.vscode-insiders\extensions\redhat.java-1.34.2024081608-win32-x64\server\plugins\org.eclipse.equinox.launcher_1.6.900.v20240613-2009.jar -configuration c:\Users\tenet\AppData\Roaming\Code - Insiders\User\globalStorage\redhat.java\1.34.2024081608\config_win -data c:\Users\tenet\AppData\Roaming\Code - Insiders\User\workspaceStorage\dc051d807f8656ab26a78bfd4f4b833c\redhat.java\jdt_ws --pipe=\\.\pipe\lsp-2198f5337ad88b27125b2d9477ed3aae-sock

Host: AMD Ryzen 5 6600H with Radeon Graphics         , 12 cores, 15G,  Windows 11 , 64 bit Build 22621 (10.0.22621.3958)
Time: Fri Aug 16 17:08:23 2024 India Standard Time elapsed time: 4.851827 seconds (0d 0h 0m 4s)

---------------  T H R E A D  ---------------

Current thread (0x0000020e4f376420):  JavaThread "C2 CompilerThread1" daemon [_thread_in_native, id=20672, stack(0x0000008403900000,0x0000008403a00000)]


Current CompileTask:
C2:   4851 4237   !   4       org.eclipse.osgi.internal.loader.classpath.ClasspathManager::findLocalClass (210 bytes)

Stack: [0x0000008403900000,0x0000008403a00000]
Native frames: (J=compiled Java code, j=interpreted, Vv=VM code, C=native code)
V  [jvm.dll+0x67f929]
V  [jvm.dll+0x8371ba]
V  [jvm.dll+0x838c7e]
V  [jvm.dll+0x8392e3]
V  [jvm.dll+0x24834f]
V  [jvm.dll+0xac9d4]
V  [jvm.dll+0xad01c]
V  [jvm.dll+0x3674a7]
V  [jvm.dll+0x33197a]
V  [jvm.dll+0x330e1a]
V  [jvm.dll+0x21a8b1]
V  [jvm.dll+0x219cf1]
V  [jvm.dll+0x1a58bd]
V  [jvm.dll+0x229a2d]
V  [jvm.dll+0x227bdc]
V  [jvm.dll+0x7ec1f7]
V  [jvm.dll+0x7e65dc]
V  [jvm.dll+0x67e7f7]
C  [ucrtbase.dll+0x29333]
C  [KERNEL32.DLL+0x1257d]
C  [ntdll.dll+0x5af28]


---------------  P R O C E S S  ---------------

Threads class SMR info:
_java_thread_list=0x0000020e505a2230, length=27, elements={
0x0000020e33790170, 0x0000020e47614260, 0x0000020e476153c0, 0x0000020e4761a390,
0x0000020e4761ad50, 0x0000020e4761b710, 0x0000020e4761c0d0, 0x0000020e4761ce70,
0x0000020e4c767860, 0x0000020e4c7825f0, 0x0000020e337f2970, 0x0000020e4ca13b10,
0x0000020e4e449fc0, 0x0000020e4e443a10, 0x0000020e4e19d050, 0x0000020e4ea6a9c0,
0x0000020e4ee2ac30, 0x0000020e4eb14a20, 0x0000020e4ef594a0, 0x0000020e4ef5b300,
0x0000020e4ef5a3d0, 0x0000020e4f376420, 0x0000020e4ef5a8e0, 0x0000020e4ef5adf0,
0x0000020e4ef58570, 0x0000020e4ef59ec0, 0x0000020e5058ab10
}

Java Threads: ( => current thread )
  0x0000020e33790170 JavaThread "main" [_thread_blocked, id=21916, stack(0x0000008401800000,0x0000008401900000)]
  0x0000020e47614260 JavaThread "Reference Handler" daemon [_thread_blocked, id=24112, stack(0x0000008401b00000,0x0000008401c00000)]
  0x0000020e476153c0 JavaThread "Finalizer" daemon [_thread_blocked, id=8208, stack(0x0000008401c00000,0x0000008401d00000)]
  0x0000020e4761a390 JavaThread "Signal Dispatcher" daemon [_thread_blocked, id=11292, stack(0x0000008401d00000,0x0000008401e00000)]
  0x0000020e4761ad50 JavaThread "Attach Listener" daemon [_thread_blocked, id=23172, stack(0x0000008401e00000,0x0000008401f00000)]
  0x0000020e4761b710 JavaThread "Service Thread" daemon [_thread_blocked, id=23264, stack(0x0000008401f00000,0x0000008402000000)]
  0x0000020e4761c0d0 JavaThread "Monitor Deflation Thread" daemon [_thread_blocked, id=23760, stack(0x0000008402000000,0x0000008402100000)]
  0x0000020e4761ce70 JavaThread "C2 CompilerThread0" daemon [_thread_in_native, id=3304, stack(0x0000008402100000,0x0000008402200000)]
  0x0000020e4c767860 JavaThread "C1 CompilerThread0" daemon [_thread_in_vm, id=21044, stack(0x0000008402200000,0x0000008402300000)]
  0x0000020e4c7825f0 JavaThread "Sweeper thread" daemon [_thread_blocked, id=9676, stack(0x0000008402300000,0x0000008402400000)]
  0x0000020e337f2970 JavaThread "Common-Cleaner" daemon [_thread_blocked, id=18392, stack(0x0000008402400000,0x0000008402500000)]
  0x0000020e4ca13b10 JavaThread "Notification Thread" daemon [_thread_blocked, id=19296, stack(0x0000008402600000,0x0000008402700000)]
  0x0000020e4e449fc0 JavaThread "Active Thread: Equinox Container: 965676bc-3e98-42e7-9374-d39f0dc1af65" [_thread_blocked, id=23304, stack(0x0000008402f00000,0x0000008403000000)]
  0x0000020e4e443a10 JavaThread "Framework Event Dispatcher: Equinox Container: 965676bc-3e98-42e7-9374-d39f0dc1af65" daemon [_thread_blocked, id=19784, stack(0x0000008403000000,0x0000008403100000)]
  0x0000020e4e19d050 JavaThread "Start Level: Equinox Container: 965676bc-3e98-42e7-9374-d39f0dc1af65" daemon [_thread_blocked, id=21952, stack(0x0000008403100000,0x0000008403200000)]
  0x0000020e4ea6a9c0 JavaThread "Bundle File Closer" daemon [_thread_blocked, id=9712, stack(0x0000008403300000,0x0000008403400000)]
  0x0000020e4ee2ac30 JavaThread "SCR Component Actor" daemon [_thread_blocked, id=23592, stack(0x0000008402800000,0x0000008402900000)]
  0x0000020e4eb14a20 JavaThread "SCR Component Registry" daemon [_thread_blocked, id=21756, stack(0x0000008403400000,0x0000008403500000)]
  0x0000020e4ef594a0 JavaThread "Worker-JM" [_thread_blocked, id=13412, stack(0x0000008403500000,0x0000008403600000)]
  0x0000020e4ef5b300 JavaThread "Worker-0" [_thread_blocked, id=15688, stack(0x0000008403700000,0x0000008403800000)]
  0x0000020e4ef5a3d0 JavaThread "Worker-1: Repository registry initialization" [_thread_in_vm, id=1664, stack(0x0000008403800000,0x0000008403900000)]
=>0x0000020e4f376420 JavaThread "C2 CompilerThread1" daemon [_thread_in_native, id=20672, stack(0x0000008403900000,0x0000008403a00000)]
  0x0000020e4ef5a8e0 JavaThread "JNA Cleaner" daemon [_thread_blocked, id=21352, stack(0x0000008403b00000,0x0000008403c00000)]
  0x0000020e4ef5adf0 JavaThread "pool-2-thread-1" [_thread_blocked, id=13728, stack(0x0000008403c00000,0x0000008403d00000)]
  0x0000020e4ef58570 JavaThread "Framework stop - Equinox Container: 965676bc-3e98-42e7-9374-d39f0dc1af65" [_thread_blocked, id=24332, stack(0x0000008403d00000,0x0000008403e00000)]
  0x0000020e4ef59ec0 JavaThread "Worker-2" [_thread_blocked, id=16780, stack(0x0000008403e00000,0x0000008403f00000)]
  0x0000020e5058ab10 JavaThread "C2 CompilerThread2" daemon [_thread_blocked, id=2560, stack(0x0000008403f00000,0x0000008404000000)]

Other Threads:
  0x0000020e33819a10 VMThread "VM Thread" [stack: 0x0000008401a00000,0x0000008401b00000] [id=14560]
  0x0000020e4ca6ece0 WatcherThread [stack: 0x0000008402700000,0x0000008402800000] [id=21404]
  0x0000020e337a7800 GCTaskThread "GC Thread#0" [stack: 0x0000008401900000,0x0000008401a00000] [id=20764]
  0x0000020e4e652560 GCTaskThread "GC Thread#1" [stack: 0x0000008402900000,0x0000008402a00000] [id=15696]
  0x0000020e4e652c20 GCTaskThread "GC Thread#2" [stack: 0x0000008402a00000,0x0000008402b00000] [id=4208]
  0x0000020e4e8bee50 GCTaskThread "GC Thread#3" [stack: 0x0000008402b00000,0x0000008402c00000] [id=11044]
  0x0000020e4e8bf110 GCTaskThread "GC Thread#4" [stack: 0x0000008402c00000,0x0000008402d00000] [id=23340]
  0x0000020e4e8bf3d0 GCTaskThread "GC Thread#5" [stack: 0x0000008402d00000,0x0000008402e00000] [id=23168]
  0x0000020e4e3d5b70 GCTaskThread "GC Thread#6" [stack: 0x0000008402e00000,0x0000008402f00000] [id=19960]
  0x0000020e33775740 GCTaskThread "GC Thread#7" [stack: 0x0000008403200000,0x0000008403300000] [id=21776]
  0x0000020e4eb834a0 GCTaskThread "GC Thread#8" [stack: 0x0000008402500000,0x0000008402600000] [id=20792]
  0x0000020e4f29a9f0 GCTaskThread "GC Thread#9" [stack: 0x0000008403600000,0x0000008403700000] [id=20144]

Threads with active compile tasks:
C2 CompilerThread0     4871 4301       4       org.eclipse.osgi.internal.loader.ModuleClassLoader::toString (80 bytes)
C2 CompilerThread1     4871 4237   !   4       org.eclipse.osgi.internal.loader.classpath.ClasspathManager::findLocalClass (210 bytes)

VM state: not at safepoint (normal execution)

VM Mutex/Monitor currently owned by a thread: None

Heap address: 0x00000000c0000000, size: 1024 MB, Compressed Oops mode: 32-bit

CDS archive(s) not mapped
Compressed class space mapped at: 0x0000000100000000-0x0000000140000000, reserved size: 1073741824
Narrow klass base: 0x0000000000000000, Narrow klass shift: 3, Narrow klass range: 0x140000000

GC Precious Log:
 CPUs: 12 total, 12 available
 Memory: 15557M
 Large Page Support: Disabled
 NUMA Support: Disabled
 Compressed Oops: Enabled (32-bit)
 Alignments: Space 512K, Generation 512K, Heap 2M
 Heap Min Capacity: 100M
 Heap Initial Capacity: 100M
 Heap Max Capacity: 1G
 Pre-touch: Disabled
 Parallel Workers: 10

Heap:
 PSYoungGen      total 23552K, used 19862K [0x00000000eab00000, 0x00000000ec700000, 0x0000000100000000)
  eden space 22528K, 85% used [0x00000000eab00000,0x00000000ebdb5b50,0x00000000ec100000)
  from space 1024K, 68% used [0x00000000ec600000,0x00000000ec6b0000,0x00000000ec700000)
  to   space 1024K, 0% used [0x00000000ec500000,0x00000000ec500000,0x00000000ec600000)
 ParOldGen       total 68608K, used 15695K [0x00000000c0000000, 0x00000000c4300000, 0x00000000eab00000)
  object space 68608K, 22% used [0x00000000c0000000,0x00000000c0f53e00,0x00000000c4300000)
 Metaspace       used 41836K, committed 42688K, reserved 1114112K
  class space    used 4341K, committed 4736K, reserved 1048576K

Card table byte_map: [0x0000020e33120000,0x0000020e33330000] _byte_map_base: 0x0000020e32b20000

Marking Bits: (ParMarkBitMap*) 0x00007ffdc86e58b0
 Begin Bits: [0x0000020e45420000, 0x0000020e46420000)
 End Bits:   [0x0000020e46420000, 0x0000020e47420000)

Polling page: 0x0000020e316d0000

Metaspace:

Usage:
  Non-class:     36.62 MB used.
      Class:      4.24 MB used.
       Both:     40.86 MB used.

Virtual space:
  Non-class space:       64.00 MB reserved,      37.06 MB ( 58%) committed,  1 nodes.
      Class space:        1.00 GB reserved,       4.62 MB ( <1%) committed,  1 nodes.
             Both:        1.06 GB reserved,      41.69 MB (  4%) committed. 

Chunk freelists:
   Non-Class:  10.02 MB
       Class:  11.29 MB
        Both:  21.31 MB

MaxMetaspaceSize: unlimited
CompressedClassSpaceSize: 1.00 GB
Initial GC threshold: 21.00 MB
Current GC threshold: 58.38 MB
CDS: off
MetaspaceReclaimPolicy: balanced
 - commit_granule_bytes: 65536.
 - commit_granule_words: 8192.
 - virtual_space_node_default_size: 8388608.
 - enlarge_chunks_in_place: 1.
 - new_chunks_are_fully_committed: 0.
 - uncommit_free_chunks: 1.
 - use_allocation_guard: 0.
 - handle_deallocations: 1.


Internal statistics:

num_allocs_failed_limit: 6.
num_arena_births: 484.
num_arena_deaths: 14.
num_vsnodes_births: 2.
num_vsnodes_deaths: 0.
num_space_committed: 667.
num_space_uncommitted: 0.
num_chunks_returned_to_freelist: 20.
num_chunks_taken_from_freelist: 1823.
num_chunk_merges: 11.
num_chunk_splits: 1232.
num_chunks_enlarged: 839.
num_inconsistent_stats: 0.

CodeHeap 'non-profiled nmethods': size=120000Kb used=2199Kb max_used=2199Kb free=117800Kb
 bounds [0x0000020e3def0000, 0x0000020e3e160000, 0x0000020e45420000]
CodeHeap 'profiled nmethods': size=120000Kb used=9230Kb max_used=9230Kb free=110769Kb
 bounds [0x0000020e36420000, 0x0000020e36d30000, 0x0000020e3d950000]
CodeHeap 'non-nmethods': size=5760Kb used=1272Kb max_used=1345Kb free=4487Kb
 bounds [0x0000020e3d950000, 0x0000020e3dbc0000, 0x0000020e3def0000]
 total_blobs=4925 nmethods=4332 adapters=507
 compilation: enabled
              stopped_count=0, restarted_count=0
 full_count=0

Compilation events (20 events):
Event: 4.838 Thread 0x0000020e4c767860 4315       3       java.util.stream.Nodes$FixedNodeBuilder::end (51 bytes)
Event: 4.839 Thread 0x0000020e4c767860 nmethod 4315 0x0000020e36d18390 code [0x0000020e36d18660, 0x0000020e36d196d8]
Event: 4.839 Thread 0x0000020e4c767860 4316       3       java.util.stream.Nodes$FixedNodeBuilder::build (52 bytes)
Event: 4.840 Thread 0x0000020e4c767860 nmethod 4316 0x0000020e36d19d10 code [0x0000020e36d19fe0, 0x0000020e36d1b058]
Event: 4.840 Thread 0x0000020e4c767860 4317       3       java.util.stream.Nodes$ArrayNode::asArray (25 bytes)
Event: 4.841 Thread 0x0000020e4c767860 nmethod 4317 0x0000020e36d1b690 code [0x0000020e36d1b840, 0x0000020e36d1ba48]
Event: 4.844 Thread 0x0000020e4c767860 4319       3       sun.reflect.annotation.AnnotationParser$1::run (40 bytes)
Event: 4.845 Thread 0x0000020e4c767860 nmethod 4319 0x0000020e36d1bb10 code [0x0000020e36d1bd80, 0x0000020e36d1cb58]
Event: 4.845 Thread 0x0000020e4c767860 4321       3       sun.reflect.generics.reflectiveObjects.ParameterizedTypeImpl::getActualTypeArguments (11 bytes)
Event: 4.845 Thread 0x0000020e4c767860 nmethod 4321 0x0000020e36d1cf90 code [0x0000020e36d1d140, 0x0000020e36d1d408]
Event: 4.845 Thread 0x0000020e4c767860 4320       1       sun.reflect.generics.reflectiveObjects.ParameterizedTypeImpl::getRawType (5 bytes)
Event: 4.845 Thread 0x0000020e4c767860 nmethod 4320 0x0000020e3e114f90 code [0x0000020e3e115120, 0x0000020e3e1151f8]
Event: 4.845 Thread 0x0000020e4c767860 4322       1       com.google.inject.internal.MoreTypes$ParameterizedTypeImpl::getRawType (5 bytes)
Event: 4.845 Thread 0x0000020e4c767860 nmethod 4322 0x0000020e3e115290 code [0x0000020e3e115420, 0x0000020e3e1154f8]
Event: 4.849 Thread 0x0000020e4c767860 4323       3       com.google.common.base.Preconditions::checkNotNull (18 bytes)
Event: 4.849 Thread 0x0000020e4c767860 nmethod 4323 0x0000020e36d1d510 code [0x0000020e36d1d6e0, 0x0000020e36d1da58]
Event: 4.849 Thread 0x0000020e4c767860 4325       3       com.google.inject.internal.Nullability::hasNullableAnnotation (49 bytes)
Event: 4.850 Thread 0x0000020e4c767860 nmethod 4325 0x0000020e36d1db90 code [0x0000020e36d1dd60, 0x0000020e36d1e0c8]
Event: 4.850 Thread 0x0000020e4c767860 4324       3       com.google.inject.internal.Errors::size (27 bytes)
Event: 4.850 Thread 0x0000020e4c767860 nmethod 4324 0x0000020e36d1e290 code [0x0000020e36d1e440, 0x0000020e36d1e668]

GC Heap History (20 events):
Event: 2.779 GC heap before
{Heap before GC invocations=5 (full 0):
 PSYoungGen      total 29696K, used 8698K [0x00000000eab00000, 0x00000000ecc00000, 0x0000000100000000)
  eden space 25600K, 18% used [0x00000000eab00000,0x00000000eaf82bb0,0x00000000ec400000)
  from space 4096K, 99% used [0x00000000ec800000,0x00000000ecbfbd08,0x00000000ecc00000)
  to   space 4096K, 0% used [0x00000000ec400000,0x00000000ec400000,0x00000000ec800000)
 ParOldGen       total 68608K, used 6355K [0x00000000c0000000, 0x00000000c4300000, 0x00000000eab00000)
  object space 68608K, 9% used [0x00000000c0000000,0x00000000c0634d00,0x00000000c4300000)
 Metaspace       used 21149K, committed 21504K, reserved 1114112K
  class space    used 2147K, committed 2304K, reserved 1048576K
}
Event: 2.782 GC heap after
{Heap after GC invocations=5 (full 0):
 PSYoungGen      total 29696K, used 4082K [0x00000000eab00000, 0x00000000ece00000, 0x0000000100000000)
  eden space 25600K, 0% used [0x00000000eab00000,0x00000000eab00000,0x00000000ec400000)
  from space 4096K, 99% used [0x00000000ec400000,0x00000000ec7fcb00,0x00000000ec800000)
  to   space 5120K, 0% used [0x00000000ec900000,0x00000000ec900000,0x00000000ece00000)
 ParOldGen       total 68608K, used 6806K [0x00000000c0000000, 0x00000000c4300000, 0x00000000eab00000)
  object space 68608K, 9% used [0x00000000c0000000,0x00000000c06a5b08,0x00000000c4300000)
 Metaspace       used 21149K, committed 21504K, reserved 1114112K
  class space    used 2147K, committed 2304K, reserved 1048576K
}
Event: 2.782 GC heap before
{Heap before GC invocations=6 (full 1):
 PSYoungGen      total 29696K, used 4082K [0x00000000eab00000, 0x00000000ece00000, 0x0000000100000000)
  eden space 25600K, 0% used [0x00000000eab00000,0x00000000eab00000,0x00000000ec400000)
  from space 4096K, 99% used [0x00000000ec400000,0x00000000ec7fcb00,0x00000000ec800000)
  to   space 5120K, 0% used [0x00000000ec900000,0x00000000ec900000,0x00000000ece00000)
 ParOldGen       total 68608K, used 6806K [0x00000000c0000000, 0x00000000c4300000, 0x00000000eab00000)
  object space 68608K, 9% used [0x00000000c0000000,0x00000000c06a5b08,0x00000000c4300000)
 Metaspace       used 21149K, committed 21504K, reserved 1114112K
  class space    used 2147K, committed 2304K, reserved 1048576K
}
Event: 2.806 GC heap after
{Heap after GC invocations=6 (full 1):
 PSYoungGen      total 29696K, used 0K [0x00000000eab00000, 0x00000000ece00000, 0x0000000100000000)
  eden space 25600K, 0% used [0x00000000eab00000,0x00000000eab00000,0x00000000ec400000)
  from space 4096K, 0% used [0x00000000ec400000,0x00000000ec400000,0x00000000ec800000)
  to   space 5120K, 0% used [0x00000000ec900000,0x00000000ec900000,0x00000000ece00000)
 ParOldGen       total 68608K, used 10570K [0x00000000c0000000, 0x00000000c4300000, 0x00000000eab00000)
  object space 68608K, 15% used [0x00000000c0000000,0x00000000c0a52948,0x00000000c4300000)
 Metaspace       used 21136K, committed 21504K, reserved 1114112K
  class space    used 2143K, committed 2304K, reserved 1048576K
}
Event: 3.100 GC heap before
{Heap before GC invocations=7 (full 1):
 PSYoungGen      total 29696K, used 25600K [0x00000000eab00000, 0x00000000ece00000, 0x0000000100000000)
  eden space 25600K, 100% used [0x00000000eab00000,0x00000000ec400000,0x00000000ec400000)
  from space 4096K, 0% used [0x00000000ec400000,0x00000000ec400000,0x00000000ec800000)
  to   space 5120K, 0% used [0x00000000ec900000,0x00000000ec900000,0x00000000ece00000)
 ParOldGen       total 68608K, used 10570K [0x00000000c0000000, 0x00000000c4300000, 0x00000000eab00000)
  object space 68608K, 15% used [0x00000000c0000000,0x00000000c0a52948,0x00000000c4300000)
 Metaspace       used 24265K, committed 24768K, reserved 1114112K
  class space    used 2474K, committed 2688K, reserved 1048576K
}
Event: 3.102 GC heap after
{Heap after GC invocations=7 (full 1):
 PSYoungGen      total 26624K, used 1261K [0x00000000eab00000, 0x00000000eca80000, 0x0000000100000000)
  eden space 25088K, 0% used [0x00000000eab00000,0x00000000eab00000,0x00000000ec380000)
  from space 1536K, 82% used [0x00000000ec900000,0x00000000eca3b788,0x00000000eca80000)
  to   space 2560K, 0% used [0x00000000ec580000,0x00000000ec580000,0x00000000ec800000)
 ParOldGen       total 68608K, used 10578K [0x00000000c0000000, 0x00000000c4300000, 0x00000000eab00000)
  object space 68608K, 15% used [0x00000000c0000000,0x00000000c0a54948,0x00000000c4300000)
 Metaspace       used 24265K, committed 24768K, reserved 1114112K
  class space    used 2474K, committed 2688K, reserved 1048576K
}
Event: 3.295 GC heap before
{Heap before GC invocations=8 (full 1):
 PSYoungGen      total 26624K, used 26349K [0x00000000eab00000, 0x00000000eca80000, 0x0000000100000000)
  eden space 25088K, 100% used [0x00000000eab00000,0x00000000ec380000,0x00000000ec380000)
  from space 1536K, 82% used [0x00000000ec900000,0x00000000eca3b788,0x00000000eca80000)
  to   space 2560K, 0% used [0x00000000ec580000,0x00000000ec580000,0x00000000ec800000)
 ParOldGen       total 68608K, used 10578K [0x00000000c0000000, 0x00000000c4300000, 0x00000000eab00000)
  object space 68608K, 15% used [0x00000000c0000000,0x00000000c0a54948,0x00000000c4300000)
 Metaspace       used 27327K, committed 27904K, reserved 1114112K
  class space    used 2783K, committed 3008K, reserved 1048576K
}
Event: 3.296 GC heap after
{Heap after GC invocations=8 (full 1):
 PSYoungGen      total 27136K, used 2544K [0x00000000eab00000, 0x00000000ecc00000, 0x0000000100000000)
  eden space 24576K, 0% used [0x00000000eab00000,0x00000000eab00000,0x00000000ec300000)
  from space 2560K, 99% used [0x00000000ec580000,0x00000000ec7fc1c0,0x00000000ec800000)
  to   space 4096K, 0% used [0x00000000ec800000,0x00000000ec800000,0x00000000ecc00000)
 ParOldGen       total 68608K, used 12085K [0x00000000c0000000, 0x00000000c4300000, 0x00000000eab00000)
  object space 68608K, 17% used [0x00000000c0000000,0x00000000c0bcd7b8,0x00000000c4300000)
 Metaspace       used 27327K, committed 27904K, reserved 1114112K
  class space    used 2783K, committed 3008K, reserved 1048576K
}
Event: 3.414 GC heap before
{Heap before GC invocations=9 (full 1):
 PSYoungGen      total 27136K, used 27120K [0x00000000eab00000, 0x00000000ecc00000, 0x0000000100000000)
  eden space 24576K, 100% used [0x00000000eab00000,0x00000000ec300000,0x00000000ec300000)
  from space 2560K, 99% used [0x00000000ec580000,0x00000000ec7fc1c0,0x00000000ec800000)
  to   space 4096K, 0% used [0x00000000ec800000,0x00000000ec800000,0x00000000ecc00000)
 ParOldGen       total 68608K, used 12085K [0x00000000c0000000, 0x00000000c4300000, 0x00000000eab00000)
  object space 68608K, 17% used [0x00000000c0000000,0x00000000c0bcd7b8,0x00000000c4300000)
 Metaspace       used 30000K, committed 30592K, reserved 1114112K
  class space    used 2958K, committed 3200K, reserved 1048576K
}
Event: 3.415 GC heap after
{Heap after GC invocations=9 (full 1):
 PSYoungGen      total 27136K, used 2842K [0x00000000eab00000, 0x00000000ecb00000, 0x0000000100000000)
  eden space 24064K, 0% used [0x00000000eab00000,0x00000000eab00000,0x00000000ec280000)
  from space 3072K, 92% used [0x00000000ec800000,0x00000000ecac6b70,0x00000000ecb00000)
  to   space 3584K, 0% used [0x00000000ec400000,0x00000000ec400000,0x00000000ec780000)
 ParOldGen       total 68608K, used 12093K [0x00000000c0000000, 0x00000000c4300000, 0x00000000eab00000)
  object space 68608K, 17% used [0x00000000c0000000,0x00000000c0bcf7b8,0x00000000c4300000)
 Metaspace       used 30000K, committed 30592K, reserved 1114112K
  class space    used 2958K, committed 3200K, reserved 1048576K
}
Event: 3.527 GC heap before
{Heap before GC invocations=10 (full 1):
 PSYoungGen      total 27136K, used 26906K [0x00000000eab00000, 0x00000000ecb00000, 0x0000000100000000)
  eden space 24064K, 100% used [0x00000000eab00000,0x00000000ec280000,0x00000000ec280000)
  from space 3072K, 92% used [0x00000000ec800000,0x00000000ecac6b70,0x00000000ecb00000)
  to   space 3584K, 0% used [0x00000000ec400000,0x00000000ec400000,0x00000000ec780000)
 ParOldGen       total 68608K, used 12093K [0x00000000c0000000, 0x00000000c4300000, 0x00000000eab00000)
  object space 68608K, 17% used [0x00000000c0000000,0x00000000c0bcf7b8,0x00000000c4300000)
 Metaspace       used 31793K, committed 32384K, reserved 1114112K
  class space    used 3097K, committed 3328K, reserved 1048576K
}
Event: 3.529 GC heap after
{Heap after GC invocations=10 (full 1):
 PSYoungGen      total 27136K, used 3574K [0x00000000eab00000, 0x00000000ecc00000, 0x0000000100000000)
  eden space 23552K, 0% used [0x00000000eab00000,0x00000000eab00000,0x00000000ec200000)
  from space 3584K, 99% used [0x00000000ec400000,0x00000000ec77d9e8,0x00000000ec780000)
  to   space 4608K, 0% used [0x00000000ec780000,0x00000000ec780000,0x00000000ecc00000)
 ParOldGen       total 68608K, used 13168K [0x00000000c0000000, 0x00000000c4300000, 0x00000000eab00000)
  object space 68608K, 19% used [0x00000000c0000000,0x00000000c0cdc008,0x00000000c4300000)
 Metaspace       used 31793K, committed 32384K, reserved 1114112K
  class space    used 3097K, committed 3328K, reserved 1048576K
}
Event: 4.019 GC heap before
{Heap before GC invocations=11 (full 1):
 PSYoungGen      total 27136K, used 25374K [0x00000000eab00000, 0x00000000ecc00000, 0x0000000100000000)
  eden space 23552K, 92% used [0x00000000eab00000,0x00000000ec04a180,0x00000000ec200000)
  from space 3584K, 99% used [0x00000000ec400000,0x00000000ec77d9e8,0x00000000ec780000)
  to   space 4608K, 0% used [0x00000000ec780000,0x00000000ec780000,0x00000000ecc00000)
 ParOldGen       total 68608K, used 13168K [0x00000000c0000000, 0x00000000c4300000, 0x00000000eab00000)
  object space 68608K, 19% used [0x00000000c0000000,0x00000000c0cdc008,0x00000000c4300000)
 Metaspace       used 35132K, committed 35840K, reserved 1114112K
  class space    used 3456K, committed 3776K, reserved 1048576K
}
Event: 4.022 GC heap after
{Heap after GC invocations=11 (full 1):
 PSYoungGen      total 26624K, used 3059K [0x00000000eab00000, 0x00000000eca80000, 0x0000000100000000)
  eden space 23552K, 0% used [0x00000000eab00000,0x00000000eab00000,0x00000000ec200000)
  from space 3072K, 99% used [0x00000000ec780000,0x00000000eca7cfa8,0x00000000eca80000)
  to   space 4096K, 0% used [0x00000000ec280000,0x00000000ec280000,0x00000000ec680000)
 ParOldGen       total 68608K, used 14801K [0x00000000c0000000, 0x00000000c4300000, 0x00000000eab00000)
  object space 68608K, 21% used [0x00000000c0000000,0x00000000c0e745c8,0x00000000c4300000)
 Metaspace       used 35132K, committed 35840K, reserved 1114112K
  class space    used 3456K, committed 3776K, reserved 1048576K
}
Event: 4.022 GC heap before
{Heap before GC invocations=12 (full 2):
 PSYoungGen      total 26624K, used 3059K [0x00000000eab00000, 0x00000000eca80000, 0x0000000100000000)
  eden space 23552K, 0% used [0x00000000eab00000,0x00000000eab00000,0x00000000ec200000)
  from space 3072K, 99% used [0x00000000ec780000,0x00000000eca7cfa8,0x00000000eca80000)
  to   space 4096K, 0% used [0x00000000ec280000,0x00000000ec280000,0x00000000ec680000)
 ParOldGen       total 68608K, used 14801K [0x00000000c0000000, 0x00000000c4300000, 0x00000000eab00000)
  object space 68608K, 21% used [0x00000000c0000000,0x00000000c0e745c8,0x00000000c4300000)
 Metaspace       used 35132K, committed 35840K, reserved 1114112K
  class space    used 3456K, committed 3776K, reserved 1048576K
}
Event: 4.047 GC heap after
{Heap after GC invocations=12 (full 2):
 PSYoungGen      total 26624K, used 0K [0x00000000eab00000, 0x00000000eca80000, 0x0000000100000000)
  eden space 23552K, 0% used [0x00000000eab00000,0x00000000eab00000,0x00000000ec200000)
  from space 3072K, 0% used [0x00000000ec780000,0x00000000ec780000,0x00000000eca80000)
  to   space 4096K, 0% used [0x00000000ec280000,0x00000000ec280000,0x00000000ec680000)
 ParOldGen       total 68608K, used 14884K [0x00000000c0000000, 0x00000000c4300000, 0x00000000eab00000)
  object space 68608K, 21% used [0x00000000c0000000,0x00000000c0e890e0,0x00000000c4300000)
 Metaspace       used 35132K, committed 35840K, reserved 1114112K
  class space    used 3456K, committed 3776K, reserved 1048576K
}
Event: 4.391 GC heap before
{Heap before GC invocations=13 (full 2):
 PSYoungGen      total 26624K, used 23552K [0x00000000eab00000, 0x00000000eca80000, 0x0000000100000000)
  eden space 23552K, 100% used [0x00000000eab00000,0x00000000ec200000,0x00000000ec200000)
  from space 3072K, 0% used [0x00000000ec780000,0x00000000ec780000,0x00000000eca80000)
  to   space 4096K, 0% used [0x00000000ec280000,0x00000000ec280000,0x00000000ec680000)
 ParOldGen       total 68608K, used 14884K [0x00000000c0000000, 0x00000000c4300000, 0x00000000eab00000)
  object space 68608K, 21% used [0x00000000c0000000,0x00000000c0e890e0,0x00000000c4300000)
 Metaspace       used 38197K, committed 38976K, reserved 1114112K
  class space    used 3865K, committed 4224K, reserved 1048576K
}
Event: 4.393 GC heap after
{Heap after GC invocations=13 (full 2):
 PSYoungGen      total 24064K, used 905K [0x00000000eab00000, 0x00000000ec800000, 0x0000000100000000)
  eden space 23040K, 0% used [0x00000000eab00000,0x00000000eab00000,0x00000000ec180000)
  from space 1024K, 88% used [0x00000000ec280000,0x00000000ec3625b8,0x00000000ec380000)
  to   space 2048K, 0% used [0x00000000ec600000,0x00000000ec600000,0x00000000ec800000)
 ParOldGen       total 68608K, used 14892K [0x00000000c0000000, 0x00000000c4300000, 0x00000000eab00000)
  object space 68608K, 21% used [0x00000000c0000000,0x00000000c0e8b0e0,0x00000000c4300000)
 Metaspace       used 38197K, committed 38976K, reserved 1114112K
  class space    used 3865K, committed 4224K, reserved 1048576K
}
Event: 4.657 GC heap before
{Heap before GC invocations=14 (full 2):
 PSYoungGen      total 24064K, used 23945K [0x00000000eab00000, 0x00000000ec800000, 0x0000000100000000)
  eden space 23040K, 100% used [0x00000000eab00000,0x00000000ec180000,0x00000000ec180000)
  from space 1024K, 88% used [0x00000000ec280000,0x00000000ec3625b8,0x00000000ec380000)
  to   space 2048K, 0% used [0x00000000ec600000,0x00000000ec600000,0x00000000ec800000)
 ParOldGen       total 68608K, used 14892K [0x00000000c0000000, 0x00000000c4300000, 0x00000000eab00000)
  object space 68608K, 21% used [0x00000000c0000000,0x00000000c0e8b0e0,0x00000000c4300000)
 Metaspace       used 39907K, committed 40768K, reserved 1114112K
  class space    used 4102K, committed 4480K, reserved 1048576K
}
Event: 4.658 GC heap after
{Heap after GC invocations=14 (full 2):
 PSYoungGen      total 23552K, used 704K [0x00000000eab00000, 0x00000000ec700000, 0x0000000100000000)
  eden space 22528K, 0% used [0x00000000eab00000,0x00000000eab00000,0x00000000ec100000)
  from space 1024K, 68% used [0x00000000ec600000,0x00000000ec6b0000,0x00000000ec700000)
  to   space 1024K, 0% used [0x00000000ec500000,0x00000000ec500000,0x00000000ec600000)
 ParOldGen       total 68608K, used 15695K [0x00000000c0000000, 0x00000000c4300000, 0x00000000eab00000)
  object space 68608K, 22% used [0x00000000c0000000,0x00000000c0f53e00,0x00000000c4300000)
 Metaspace       used 39907K, committed 40768K, reserved 1114112K
  class space    used 4102K, committed 4480K, reserved 1048576K
}

Dll operation events (10 events):
Event: 0.014 Loaded shared library c:\Users\tenet\.vscode-insiders\extensions\redhat.java-1.34.2024081608-win32-x64\jre\17.0.12-win32-x86_64\bin\java.dll
Event: 0.197 Loaded shared library c:\Users\tenet\.vscode-insiders\extensions\redhat.java-1.34.2024081608-win32-x64\jre\17.0.12-win32-x86_64\bin\zip.dll
Event: 0.201 Loaded shared library C:\Users\tenet\.vscode-insiders\extensions\redhat.java-1.34.2024081608-win32-x64\jre\17.0.12-win32-x86_64\bin\instrument.dll
Event: 0.225 Loaded shared library C:\Users\tenet\.vscode-insiders\extensions\redhat.java-1.34.2024081608-win32-x64\jre\17.0.12-win32-x86_64\bin\net.dll
Event: 0.230 Loaded shared library C:\Users\tenet\.vscode-insiders\extensions\redhat.java-1.34.2024081608-win32-x64\jre\17.0.12-win32-x86_64\bin\nio.dll
Event: 0.240 Loaded shared library C:\Users\tenet\.vscode-insiders\extensions\redhat.java-1.34.2024081608-win32-x64\jre\17.0.12-win32-x86_64\bin\zip.dll
Event: 0.262 Loaded shared library C:\Users\tenet\.vscode-insiders\extensions\redhat.java-1.34.2024081608-win32-x64\jre\17.0.12-win32-x86_64\bin\jimage.dll
Event: 0.326 Loaded shared library c:\Users\tenet\.vscode-insiders\extensions\redhat.java-1.34.2024081608-win32-x64\jre\17.0.12-win32-x86_64\bin\verify.dll
Event: 1.309 Loaded shared library C:\Users\tenet\AppData\Roaming\Code - Insiders\User\globalStorage\redhat.java\1.34.2024081608\config_win\org.eclipse.equinox.launcher\org.eclipse.equinox.launcher.win32.win32.x86_64_1.2.1100.v20240722-2106\eclipse_11904.dll
Event: 3.987 Loaded shared library C:\Users\tenet\AppData\Local\Temp\jna-110246284\jna12263853502087763763.dll

Deoptimization events (20 events):
Event: 4.457 Thread 0x0000020e4ef5a3d0 DEOPT PACKING pc=0x0000020e3dfeafb4 sp=0x00000084038fd6c0
Event: 4.457 Thread 0x0000020e4ef5a3d0 DEOPT UNPACKING pc=0x0000020e3d9a66a3 sp=0x00000084038fd620 mode 2
Event: 4.503 Thread 0x0000020e4ef5a3d0 Uncommon trap: trap_request=0xffffff45 fr.pc=0x0000020e3e003f34 relative=0x0000000000000114
Event: 4.503 Thread 0x0000020e4ef5a3d0 Uncommon trap: reason=unstable_if action=reinterpret pc=0x0000020e3e003f34 method=java.util.ArrayList.indexOfRange(Ljava/lang/Object;II)I @ 7 c2
Event: 4.503 Thread 0x0000020e4ef5a3d0 DEOPT PACKING pc=0x0000020e3e003f34 sp=0x00000084038fe470
Event: 4.503 Thread 0x0000020e4ef5a3d0 DEOPT UNPACKING pc=0x0000020e3d9a66a3 sp=0x00000084038fe330 mode 2
Event: 4.512 Thread 0x0000020e4ef5a3d0 Uncommon trap: trap_request=0xffffff45 fr.pc=0x0000020e3dff7b10 relative=0x00000000000000f0
Event: 4.512 Thread 0x0000020e4ef5a3d0 Uncommon trap: reason=unstable_if action=reinterpret pc=0x0000020e3dff7b10 method=java.util.ArrayList.indexOfRange(Ljava/lang/Object;II)I @ 7 c2
Event: 4.512 Thread 0x0000020e4ef5a3d0 DEOPT PACKING pc=0x0000020e3dff7b10 sp=0x00000084038fe390
Event: 4.512 Thread 0x0000020e4ef5a3d0 DEOPT UNPACKING pc=0x0000020e3d9a66a3 sp=0x00000084038fe330 mode 2
Event: 4.559 Thread 0x0000020e4ef5a3d0 Uncommon trap: trap_request=0xffffff45 fr.pc=0x0000020e3e0cb954 relative=0x0000000000000df4
Event: 4.559 Thread 0x0000020e4ef5a3d0 Uncommon trap: reason=unstable_if action=reinterpret pc=0x0000020e3e0cb954 method=sun.nio.cs.StreamDecoder.read0()I @ 39 c2
Event: 4.559 Thread 0x0000020e4ef5a3d0 DEOPT PACKING pc=0x0000020e3e0cb954 sp=0x00000084038fdd80
Event: 4.559 Thread 0x0000020e4ef5a3d0 DEOPT UNPACKING pc=0x0000020e3d9a66a3 sp=0x00000084038fdd00 mode 2
Event: 4.629 Thread 0x0000020e4ef5a3d0 DEOPT PACKING pc=0x0000020e36c81a3b sp=0x00000084038fe200
Event: 4.629 Thread 0x0000020e4ef5a3d0 DEOPT UNPACKING pc=0x0000020e3d9a6e43 sp=0x00000084038fd670 mode 0
Event: 4.759 Thread 0x0000020e4e443a10 Uncommon trap: trap_request=0xffffff45 fr.pc=0x0000020e3e0b2cf0 relative=0x0000000000000690
Event: 4.759 Thread 0x0000020e4e443a10 Uncommon trap: reason=unstable_if action=reinterpret pc=0x0000020e3e0b2cf0 method=org.eclipse.osgi.internal.framework.BundleContextImpl.dispatchEvent(Ljava/lang/Object;Ljava/lang/Object;ILjava/lang/Object;)V @ 10 c2
Event: 4.759 Thread 0x0000020e4e443a10 DEOPT PACKING pc=0x0000020e3e0b2cf0 sp=0x00000084030fef00
Event: 4.759 Thread 0x0000020e4e443a10 DEOPT UNPACKING pc=0x0000020e3d9a66a3 sp=0x00000084030feeb0 mode 2

Classes loaded (20 events):
Event: 4.520 Loading class jdk/internal/access/foreign/MemorySegmentProxy
Event: 4.520 Loading class jdk/internal/access/foreign/MemorySegmentProxy done
Event: 4.564 Loading class sun/reflect/generics/reflectiveObjects/TypeVariableImpl
Event: 4.564 Loading class sun/reflect/generics/reflectiveObjects/LazyReflectiveObjectGenerator
Event: 4.564 Loading class sun/reflect/generics/reflectiveObjects/LazyReflectiveObjectGenerator done
Event: 4.564 Loading class sun/reflect/generics/reflectiveObjects/TypeVariableImpl done
Event: 4.564 Loading class sun/reflect/generics/reflectiveObjects/ParameterizedTypeImpl
Event: 4.565 Loading class sun/reflect/generics/reflectiveObjects/ParameterizedTypeImpl done
Event: 4.747 Loading class javax/security/auth/login/Configuration
Event: 4.747 Loading class javax/security/auth/login/Configuration done
Event: 4.758 Loading class sun/reflect/generics/tree/BottomSignature
Event: 4.758 Loading class sun/reflect/generics/tree/BottomSignature done
Event: 4.759 Loading class sun/reflect/generics/tree/Wildcard
Event: 4.759 Loading class sun/reflect/generics/tree/Wildcard done
Event: 4.759 Loading class sun/reflect/generics/reflectiveObjects/WildcardTypeImpl
Event: 4.759 Loading class sun/reflect/generics/reflectiveObjects/WildcardTypeImpl done
Event: 4.759 Loading class sun/reflect/annotation/AnnotatedTypeFactory$AnnotatedParameterizedTypeImpl
Event: 4.759 Loading class java/lang/reflect/AnnotatedParameterizedType
Event: 4.759 Loading class java/lang/reflect/AnnotatedParameterizedType done
Event: 4.759 Loading class sun/reflect/annotation/AnnotatedTypeFactory$AnnotatedParameterizedTypeImpl done

Classes unloaded (7 events):
Event: 2.785 Thread 0x0000020e33819a10 Unloading class 0x0000000100248400 'java/lang/invoke/LambdaForm$MH+0x0000000100248400'
Event: 2.785 Thread 0x0000020e33819a10 Unloading class 0x0000000100248000 'java/lang/invoke/LambdaForm$MH+0x0000000100248000'
Event: 2.785 Thread 0x0000020e33819a10 Unloading class 0x0000000100247c00 'java/lang/invoke/LambdaForm$MH+0x0000000100247c00'
Event: 2.785 Thread 0x0000020e33819a10 Unloading class 0x0000000100247800 'java/lang/invoke/LambdaForm$MH+0x0000000100247800'
Event: 2.785 Thread 0x0000020e33819a10 Unloading class 0x0000000100247400 'java/lang/invoke/LambdaForm$BMH+0x0000000100247400'
Event: 2.785 Thread 0x0000020e33819a10 Unloading class 0x0000000100247000 'java/lang/invoke/LambdaForm$DMH+0x0000000100247000'
Event: 2.785 Thread 0x0000020e33819a10 Unloading class 0x0000000100244400 'java/lang/invoke/LambdaForm$DMH+0x0000000100244400'

Classes redefined (0 events):
No events

Internal exceptions (20 events):
Event: 4.216 Thread 0x0000020e4ef58570 Implicit null exception at 0x0000020e3e0ab56d to 0x0000020e3e0ab5d8
Event: 4.231 Thread 0x0000020e4ef58570 Exception <a 'java/io/FileNotFoundException'{0x00000000eb486868}> (0x00000000eb486868) 
thrown [s\src\hotspot\share\prims\jni.cpp, line 516]
Event: 4.231 Thread 0x0000020e4ef58570 Exception <a 'java/io/FileNotFoundException'{0x00000000eb487b80}> (0x00000000eb487b80) 
thrown [s\src\hotspot\share\prims\jni.cpp, line 516]
Event: 4.232 Thread 0x0000020e4ef58570 Exception <a 'java/io/FileNotFoundException'{0x00000000eb488bc8}> (0x00000000eb488bc8) 
thrown [s\src\hotspot\share\prims\jni.cpp, line 516]
Event: 4.237 Thread 0x0000020e4ef5a3d0 Exception <a 'java/lang/NoSuchMethodError'{0x00000000eb4eb7c0}: 'java.lang.Object java.lang.invoke.DirectMethodHandle$Holder.invokeStaticInit(java.lang.Object, java.lang.Object, java.lang.Object, java.lang.Object, java.lang.Object, java.lang.Object, java.lang.Object)'> (0x00000000eb4eb7c0) 
thrown [s\src\hotspot\share\interpreter\linkResolver.cpp, line 759]
Event: 4.238 Thread 0x0000020e4ef5a3d0 Exception <a 'java/lang/NoSuchMethodError'{0x00000000eb509930}: 'java.lang.Object java.lang.invoke.DirectMethodHandle$Holder.invokeSpecial(java.lang.Object, java.lang.Object, java.lang.Object, java.lang.Object, java.lang.Object, java.lang.Object, java.lang.Object, java.lang.Object, java.lang.Object)'> (0x00000000eb509930) 
thrown [s\src\hotspot\share\interpreter\linkResolver.cpp, line 759]
Event: 4.238 Thread 0x0000020e4ef5a3d0 Exception <a 'java/lang/NoSuchMethodError'{0x00000000eb50e598}: 'java.lang.Object java.lang.invoke.Invokers$Holder.invoke_MT(java.lang.Object, java.lang.Object, java.lang.Object, java.lang.Object, java.lang.Object, java.lang.Object, java.lang.Object, java.lang.Object, java.lang.Object)'> (0x00000000eb50e598) 
thrown [s\src\hotspot\share\interpreter\linkResolver.cpp, line 759]
Event: 4.242 Thread 0x0000020e4ef5a3d0 Exception <a 'java/lang/NoSuchMethodError'{0x00000000eb555e68}: 'int java.lang.invoke.DirectMethodHandle$Holder.invokeVirtual(java.lang.Object, java.lang.Object, java.lang.Object)'> (0x00000000eb555e68) 
thrown [s\src\hotspot\share\interpreter\linkResolver.cpp, line 759]
Event: 4.243 Thread 0x0000020e4ef5a3d0 Exception <a 'java/lang/NoSuchMethodError'{0x00000000eb559968}: 'int java.lang.invoke.DirectMethodHandle$Holder.invokeVirtual(java.lang.Object, java.lang.Object)'> (0x00000000eb559968) 
thrown [s\src\hotspot\share\interpreter\linkResolver.cpp, line 759]
Event: 4.243 Thread 0x0000020e4ef5a3d0 Exception <a 'java/lang/NoSuchMethodError'{0x00000000eb55de50}: 'int java.lang.invoke.DirectMethodHandle$Holder.invokeStaticInit(java.lang.Object, int, int)'> (0x00000000eb55de50) 
thrown [s\src\hotspot\share\interpreter\linkResolver.cpp, line 759]
Event: 4.243 Thread 0x0000020e4ef5a3d0 Exception <a 'java/lang/NoSuchMethodError'{0x00000000eb565ae0}: 'int java.lang.invoke.DirectMethodHandle$Holder.invokeStaticInit(java.lang.Object, long, long)'> (0x00000000eb565ae0) 
thrown [s\src\hotspot\share\interpreter\linkResolver.cpp, line 759]
Event: 4.244 Thread 0x0000020e4ef5a3d0 Exception <a 'java/lang/NoSuchMethodError'{0x00000000eb56cdd0}: 'int java.lang.invoke.DirectMethodHandle$Holder.invokeStaticInit(java.lang.Object, float, float)'> (0x00000000eb56cdd0) 
thrown [s\src\hotspot\share\interpreter\linkResolver.cpp, line 759]
Event: 4.244 Thread 0x0000020e4ef5a3d0 Exception <a 'java/lang/NoSuchMethodError'{0x00000000eb573e70}: 'int java.lang.invoke.DirectMethodHandle$Holder.invokeStaticInit(java.lang.Object, double, double)'> (0x00000000eb573e70) 
thrown [s\src\hotspot\share\interpreter\linkResolver.cpp, line 759]
Event: 4.245 Thread 0x0000020e4ef5a3d0 Exception <a 'java/lang/NoSuchMethodError'{0x00000000eb5786b8}: 'int java.lang.invoke.DirectMethodHandle$Holder.invokeStatic(java.lang.Object, long)'> (0x00000000eb5786b8) 
thrown [s\src\hotspot\share\interpreter\linkResolver.cpp, line 759]
Event: 4.247 Thread 0x0000020e4ef5a3d0 Exception <a 'java/lang/NoSuchMethodError'{0x00000000eb5a1210}: 'int java.lang.invoke.Invokers$Holder.linkToTargetMethod(java.lang.Object, java.lang.Object)'> (0x00000000eb5a1210) 
thrown [s\src\hotspot\share\interpreter\linkResolver.cpp, line 759]
Event: 4.275 Thread 0x0000020e4ef5a3d0 Exception <a 'java/lang/NoSuchMethodError'{0x00000000eb718238}: 'java.lang.Object java.lang.invoke.DirectMethodHandle$Holder.invokeSpecialIFC(java.lang.Object, java.lang.Object, java.lang.Object, java.lang.Object)'> (0x00000000eb718238) 
thrown [s\src\hotspot\share\interpreter\linkResolver.cpp, line 759]
Event: 4.381 Thread 0x0000020e4ef5a3d0 Exception <a 'java/lang/NoSuchMethodError'{0x00000000ec123618}: 'int java.lang.invoke.DirectMethodHandle$Holder.invokeSpecialIFC(java.lang.Object, java.lang.Object, java.lang.Object, java.lang.Object, java.lang.Object)'> (0x00000000ec123618) 
thrown [s\src\hotspot\share\interpreter\linkResolver.cpp, line 759]
Event: 4.479 Thread 0x0000020e4ef5a3d0 Exception <a 'java/lang/NoClassDefFoundError'{0x00000000eb104fe0}: javax/enterprise/inject/Typed> (0x00000000eb104fe0) 
thrown [s\src\hotspot\share\classfile\systemDictionary.cpp, line 245]
Event: 4.750 Thread 0x0000020e4ef58570 Exception <a 'java/lang/NoSuchMethodError'{0x00000000eb418e30}: 'void java.lang.invoke.DirectMethodHandle$Holder.invokeStatic(java.lang.Object, java.lang.Object, java.lang.Object, java.lang.Object)'> (0x00000000eb418e30) 
thrown [s\src\hotspot\share\interpreter\linkResolver.cpp, line 759]
Event: 4.753 Thread 0x0000020e4ef58570 Exception <a 'java/lang/NoSuchMethodError'{0x00000000eb4664c8}: 'void java.lang.invoke.DirectMethodHandle$Holder.invokeStaticInit(java.lang.Object, java.lang.Object, java.lang.Object)'> (0x00000000eb4664c8) 
thrown [s\src\hotspot\share\interpreter\linkResolver.cpp, line 759]

VM Operations (20 events):
Event: 3.766 Executing VM operation: HandshakeAllThreads
Event: 3.766 Executing VM operation: HandshakeAllThreads done
Event: 3.804 Executing VM operation: HandshakeAllThreads
Event: 3.804 Executing VM operation: HandshakeAllThreads done
Event: 4.000 Executing VM operation: HandshakeAllThreads
Event: 4.000 Executing VM operation: HandshakeAllThreads done
Event: 4.019 Executing VM operation: CollectForMetadataAllocation
Event: 4.047 Executing VM operation: CollectForMetadataAllocation done
Event: 4.251 Executing VM operation: HandshakeAllThreads
Event: 4.251 Executing VM operation: HandshakeAllThreads done
Event: 4.391 Executing VM operation: ParallelGCFailedAllocation
Event: 4.393 Executing VM operation: ParallelGCFailedAllocation done
Event: 4.468 Executing VM operation: HandshakeAllThreads
Event: 4.468 Executing VM operation: HandshakeAllThreads done
Event: 4.656 Executing VM operation: ParallelGCFailedAllocation
Event: 4.658 Executing VM operation: ParallelGCFailedAllocation done
Event: 4.763 Executing VM operation: HandshakeAllThreads
Event: 4.763 Executing VM operation: HandshakeAllThreads done
Event: 4.818 Executing VM operation: HandshakeAllThreads
Event: 4.818 Executing VM operation: HandshakeAllThreads done

Events (20 events):
Event: 1.298 Thread 0x0000020e4e443a10 Thread added: 0x0000020e4e443a10
Event: 1.303 Thread 0x0000020e4e19d050 Thread added: 0x0000020e4e19d050
Event: 1.603 Thread 0x0000020e4ea6a9c0 Thread added: 0x0000020e4ea6a9c0
Event: 1.925 Thread 0x0000020e4e4e63c0 Thread exited: 0x0000020e4e4e63c0
Event: 1.927 Thread 0x0000020e4c9e5a20 Thread exited: 0x0000020e4c9e5a20
Event: 2.276 Thread 0x0000020e4ee2ac30 Thread added: 0x0000020e4ee2ac30
Event: 2.390 Thread 0x0000020e4eb14a20 Thread added: 0x0000020e4eb14a20
Event: 2.698 Thread 0x0000020e4ef594a0 Thread added: 0x0000020e4ef594a0
Event: 2.884 Thread 0x0000020e4ef5b300 Thread added: 0x0000020e4ef5b300
Event: 2.900 Thread 0x0000020e4ef5a3d0 Thread added: 0x0000020e4ef5a3d0
Event: 3.040 Thread 0x0000020e4f376420 Thread added: 0x0000020e4f376420
Event: 3.585 Thread 0x0000020e4ef599b0 Thread added: 0x0000020e4ef599b0
Event: 3.598 Thread 0x0000020e4f3d5b00 Thread added: 0x0000020e4f3d5b00
Event: 3.998 Thread 0x0000020e4f3d5b00 Thread exited: 0x0000020e4f3d5b00
Event: 4.005 Thread 0x0000020e4ef5a8e0 Thread added: 0x0000020e4ef5a8e0
Event: 4.182 Thread 0x0000020e4ef5adf0 Thread added: 0x0000020e4ef5adf0
Event: 4.191 Thread 0x0000020e4ef58570 Thread added: 0x0000020e4ef58570
Event: 4.453 Thread 0x0000020e4ef59ec0 Thread added: 0x0000020e4ef59ec0
Event: 4.495 Thread 0x0000020e5058ab10 Thread added: 0x0000020e5058ab10
Event: 4.739 Thread 0x0000020e4ef599b0 Thread exited: 0x0000020e4ef599b0


Dynamic libraries:
0x00007ff7b4e00000 - 0x00007ff7b4e0e000 	c:\Users\tenet\.vscode-insiders\extensions\redhat.java-1.34.2024081608-win32-x64\jre\17.0.12-win32-x86_64\bin\java.exe
0x00007ffe600f0000 - 0x00007ffe60307000 	C:\Windows\SYSTEM32\ntdll.dll
0x00007ffe5e160000 - 0x00007ffe5e224000 	C:\Windows\System32\KERNEL32.DLL
0x00007ffe5d4b0000 - 0x00007ffe5d85d000 	C:\Windows\System32\KERNELBASE.dll
0x00007ffe5d900000 - 0x00007ffe5da11000 	C:\Windows\System32\ucrtbase.dll
0x00007ffe57690000 - 0x00007ffe576a7000 	c:\Users\tenet\.vscode-insiders\extensions\redhat.java-1.34.2024081608-win32-x64\jre\17.0.12-win32-x86_64\bin\jli.dll
0x00007ffe57130000 - 0x00007ffe5714b000 	c:\Users\tenet\.vscode-insiders\extensions\redhat.java-1.34.2024081608-win32-x64\jre\17.0.12-win32-x86_64\bin\VCRUNTIME140.dll
0x00007ffe4c0f0000 - 0x00007ffe4c383000 	C:\Windows\WinSxS\amd64_microsoft.windows.common-controls_6595b64144ccf1df_6.0.22621.3672_none_2713b9d173822955\COMCTL32.dll
0x00007ffe5fed0000 - 0x00007ffe6007e000 	C:\Windows\System32\USER32.dll
0x00007ffe5df60000 - 0x00007ffe5e007000 	C:\Windows\System32\msvcrt.dll
0x00007ffe5dd70000 - 0x00007ffe5dd96000 	C:\Windows\System32\win32u.dll
0x00007ffe60080000 - 0x00007ffe600a9000 	C:\Windows\System32\GDI32.dll
0x00007ffe5dc50000 - 0x00007ffe5dd69000 	C:\Windows\System32\gdi32full.dll
0x00007ffe5d860000 - 0x00007ffe5d8fa000 	C:\Windows\System32\msvcp_win.dll
0x00007ffe5de40000 - 0x00007ffe5de71000 	C:\Windows\System32\IMM32.DLL
0x00007ffe57670000 - 0x00007ffe5767c000 	c:\Users\tenet\.vscode-insiders\extensions\redhat.java-1.34.2024081608-win32-x64\jre\17.0.12-win32-x86_64\bin\vcruntime140_1.dll
0x00007ffe20570000 - 0x00007ffe205fd000 	c:\Users\tenet\.vscode-insiders\extensions\redhat.java-1.34.2024081608-win32-x64\jre\17.0.12-win32-x86_64\bin\msvcp140.dll
0x00007ffdc7b40000 - 0x00007ffdc87aa000 	c:\Users\tenet\.vscode-insiders\extensions\redhat.java-1.34.2024081608-win32-x64\jre\17.0.12-win32-x86_64\bin\server\jvm.dll
0x00007ffe5f800000 - 0x00007ffe5f8b2000 	C:\Windows\System32\ADVAPI32.dll
0x00007ffe5f750000 - 0x00007ffe5f7f9000 	C:\Windows\System32\sechost.dll
0x00007ffe5d410000 - 0x00007ffe5d438000 	C:\Windows\System32\bcrypt.dll
0x00007ffe5e890000 - 0x00007ffe5e9a4000 	C:\Windows\System32\RPCRT4.dll
0x00007ffe5fda0000 - 0x00007ffe5fe11000 	C:\Windows\System32\WS2_32.dll
0x00007ffe5d2d0000 - 0x00007ffe5d31d000 	C:\Windows\SYSTEM32\POWRPROF.dll
0x00007ffe588f0000 - 0x00007ffe58924000 	C:\Windows\SYSTEM32\WINMM.dll
0x00007ffe55cd0000 - 0x00007ffe55cda000 	C:\Windows\SYSTEM32\VERSION.dll
0x00007ffe5d2b0000 - 0x00007ffe5d2c3000 	C:\Windows\SYSTEM32\UMPDC.dll
0x00007ffe5c410000 - 0x00007ffe5c428000 	C:\Windows\SYSTEM32\kernel.appcore.dll
0x00007ffe55d30000 - 0x00007ffe55d3a000 	c:\Users\tenet\.vscode-insiders\extensions\redhat.java-1.34.2024081608-win32-x64\jre\17.0.12-win32-x86_64\bin\jimage.dll
0x00007ffe5a8f0000 - 0x00007ffe5ab22000 	C:\Windows\SYSTEM32\DBGHELP.DLL
0x00007ffe5e250000 - 0x00007ffe5e5dd000 	C:\Windows\System32\combase.dll
0x00007ffe5de80000 - 0x00007ffe5df57000 	C:\Windows\System32\OLEAUT32.dll
0x00007ffe53560000 - 0x00007ffe53592000 	C:\Windows\SYSTEM32\dbgcore.DLL
0x00007ffe5dda0000 - 0x00007ffe5de1b000 	C:\Windows\System32\bcryptPrimitives.dll
0x00007ffe4af40000 - 0x00007ffe4af4e000 	c:\Users\tenet\.vscode-insiders\extensions\redhat.java-1.34.2024081608-win32-x64\jre\17.0.12-win32-x86_64\bin\instrument.dll
0x00007ffe2e7a0000 - 0x00007ffe2e7c5000 	c:\Users\tenet\.vscode-insiders\extensions\redhat.java-1.34.2024081608-win32-x64\jre\17.0.12-win32-x86_64\bin\java.dll
0x00007ffe41680000 - 0x00007ffe41698000 	c:\Users\tenet\.vscode-insiders\extensions\redhat.java-1.34.2024081608-win32-x64\jre\17.0.12-win32-x86_64\bin\zip.dll
0x00007ffe5ede0000 - 0x00007ffe5f648000 	C:\Windows\System32\SHELL32.dll
0x00007ffe5b310000 - 0x00007ffe5bc0e000 	C:\Windows\SYSTEM32\windows.storage.dll
0x00007ffe5b1d0000 - 0x00007ffe5b30f000 	C:\Windows\SYSTEM32\wintypes.dll
0x00007ffe5e010000 - 0x00007ffe5e109000 	C:\Windows\System32\SHCORE.dll
0x00007ffe5f8c0000 - 0x00007ffe5f91e000 	C:\Windows\System32\shlwapi.dll
0x00007ffe5d340000 - 0x00007ffe5d361000 	C:\Windows\SYSTEM32\profapi.dll
0x00007ffe3ca40000 - 0x00007ffe3ca59000 	C:\Users\tenet\.vscode-insiders\extensions\redhat.java-1.34.2024081608-win32-x64\jre\17.0.12-win32-x86_64\bin\net.dll
0x00007ffe59b60000 - 0x00007ffe59c96000 	C:\Windows\SYSTEM32\WINHTTP.dll
0x00007ffe5c890000 - 0x00007ffe5c8f9000 	C:\Windows\system32\mswsock.dll
0x00007ffe2ff90000 - 0x00007ffe2ffa6000 	C:\Users\tenet\.vscode-insiders\extensions\redhat.java-1.34.2024081608-win32-x64\jre\17.0.12-win32-x86_64\bin\nio.dll
0x00007ffe4af30000 - 0x00007ffe4af40000 	c:\Users\tenet\.vscode-insiders\extensions\redhat.java-1.34.2024081608-win32-x64\jre\17.0.12-win32-x86_64\bin\verify.dll
0x00007ffdebda0000 - 0x00007ffdebde5000 	C:\Users\tenet\AppData\Roaming\Code - Insiders\User\globalStorage\redhat.java\1.34.2024081608\config_win\org.eclipse.equinox.launcher\org.eclipse.equinox.launcher.win32.win32.x86_64_1.2.1100.v20240722-2106\eclipse_11904.dll
0x00007ffe5e9b0000 - 0x00007ffe5eb55000 	C:\Windows\System32\ole32.dll
0x00007ffe5cb20000 - 0x00007ffe5cb3b000 	C:\Windows\SYSTEM32\CRYPTSP.dll
0x00007ffe5c370000 - 0x00007ffe5c3a5000 	C:\Windows\system32\rsaenh.dll
0x00007ffe5c9b0000 - 0x00007ffe5c9d8000 	C:\Windows\SYSTEM32\USERENV.dll
0x00007ffe5cb10000 - 0x00007ffe5cb1c000 	C:\Windows\SYSTEM32\CRYPTBASE.dll
0x00007ffe5be70000 - 0x00007ffe5be9d000 	C:\Windows\SYSTEM32\IPHLPAPI.DLL
0x00007ffe5eb60000 - 0x00007ffe5eb69000 	C:\Windows\System32\NSI.dll
0x00007ffe59a90000 - 0x00007ffe59aa9000 	C:\Windows\SYSTEM32\dhcpcsvc6.DLL
0x00007ffe59a70000 - 0x00007ffe59a8f000 	C:\Windows\SYSTEM32\dhcpcsvc.DLL
0x00007ffe5bea0000 - 0x00007ffe5bf98000 	C:\Windows\SYSTEM32\DNSAPI.dll
0x00007ffe250f0000 - 0x00007ffe25135000 	C:\Users\tenet\AppData\Local\Temp\jna-110246284\jna12263853502087763763.dll
0x00007ffe5de30000 - 0x00007ffe5de38000 	C:\Windows\System32\PSAPI.DLL

dbghelp: loaded successfully - version: 4.0.5 - missing functions: none
symbol engine: initialized successfully - sym options: 0x614 - pdb path: .;c:\Users\tenet\.vscode-insiders\extensions\redhat.java-1.34.2024081608-win32-x64\jre\17.0.12-win32-x86_64\bin;C:\Windows\SYSTEM32;C:\Windows\WinSxS\amd64_microsoft.windows.common-controls_6595b64144ccf1df_6.0.22621.3672_none_2713b9d173822955;c:\Users\tenet\.vscode-insiders\extensions\redhat.java-1.34.2024081608-win32-x64\jre\17.0.12-win32-x86_64\bin\server;C:\Users\tenet\AppData\Roaming\Code - Insiders\User\globalStorage\redhat.java\1.34.2024081608\config_win\org.eclipse.equinox.launcher\org.eclipse.equinox.launcher.win32.win32.x86_64_1.2.1100.v20240722-2106;C:\Users\tenet\AppData\Local\Temp\jna-110246284

VM Arguments:
jvm_args: --add-modules=ALL-SYSTEM --add-opens=java.base/java.util=ALL-UNNAMED --add-opens=java.base/java.lang=ALL-UNNAMED --add-opens=java.base/sun.nio.fs=ALL-UNNAMED -Declipse.application=org.eclipse.jdt.ls.core.id1 -Dosgi.bundles.defaultStartLevel=4 -Declipse.product=org.eclipse.jdt.ls.core.product -Djava.import.generatesMetadataFilesAtProjectRoot=false -DDetectVMInstallationsJob.disabled=true -Dfile.encoding=utf8 -XX:+UseParallelGC -XX:GCTimeRatio=4 -XX:AdaptiveSizePolicyWeight=90 -Dsun.zip.disableMemoryMapping=true -Xmx1G -Xms100m -Xlog:disable -javaagent:c:\Users\tenet\.vscode-insiders\extensions\redhat.java-1.34.2024081608-win32-x64\lombok\lombok-1.18.33.jar -XX:+HeapDumpOnOutOfMemoryError -XX:HeapDumpPath=c:\Users\tenet\AppData\Roaming\Code - Insiders\User\workspaceStorage\dc051d807f8656ab26a78bfd4f4b833c\redhat.java -Daether.dependencyCollector.impl=bf -Djdt.core.sharedIndexLocation=C:\Users\tenet\AppData\Roaming\.jdt\index -Xmx1024M 
java_command: c:\Users\tenet\.vscode-insiders\extensions\redhat.java-1.34.2024081608-win32-x64\server\plugins\org.eclipse.equinox.launcher_1.6.900.v20240613-2009.jar -configuration c:\Users\tenet\AppData\Roaming\Code - Insiders\User\globalStorage\redhat.java\1.34.2024081608\config_win -data c:\Users\tenet\AppData\Roaming\Code - Insiders\User\workspaceStorage\dc051d807f8656ab26a78bfd4f4b833c\redhat.java\jdt_ws --pipe=\\.\pipe\lsp-2198f5337ad88b27125b2d9477ed3aae-sock
java_class_path (initial): c:\Users\tenet\.vscode-insiders\extensions\redhat.java-1.34.2024081608-win32-x64\server\plugins\org.eclipse.equinox.launcher_1.6.900.v20240613-2009.jar
Launcher Type: SUN_STANDARD

[Global flags]
    uintx AdaptiveSizePolicyWeight                 = 90                                        {product} {command line}
     intx CICompilerCount                          = 4                                         {product} {ergonomic}
    uintx GCTimeRatio                              = 4                                         {product} {command line}
     bool HeapDumpOnOutOfMemoryError               = true                                   {manageable} {command line}
    ccstr HeapDumpPath                             = c:\Users\tenet\AppData\Roaming\Code - Insiders\User\workspaceStorage\dc051d807f8656ab26a78bfd4f4b833c\redhat.java         {manageable} {command line}
   size_t InitialHeapSize                          = 104857600                                 {product} {command line}
   size_t MaxHeapSize                              = 1073741824                                {product} {command line}
   size_t MaxNewSize                               = 357564416                                 {product} {ergonomic}
   size_t MinHeapDeltaBytes                        = 524288                                    {product} {ergonomic}
   size_t MinHeapSize                              = 104857600                                 {product} {command line}
   size_t NewSize                                  = 34603008                                  {product} {ergonomic}
    uintx NonNMethodCodeHeapSize                   = 5839372                                {pd product} {ergonomic}
    uintx NonProfiledCodeHeapSize                  = 122909434                              {pd product} {ergonomic}
   size_t OldSize                                  = 70254592                                  {product} {ergonomic}
    uintx ProfiledCodeHeapSize                     = 122909434                              {pd product} {ergonomic}
    uintx ReservedCodeCacheSize                    = 251658240                              {pd product} {ergonomic}
     bool SegmentedCodeCache                       = true                                      {product} {ergonomic}
   size_t SoftMaxHeapSize                          = 1073741824                             {manageable} {ergonomic}
     bool UseCompressedClassPointers               = true                           {product lp64_product} {ergonomic}
     bool UseCompressedOops                        = true                           {product lp64_product} {ergonomic}
     bool UseLargePagesIndividualAllocation        = false                                  {pd product} {ergonomic}
     bool UseParallelGC                            = true                                      {product} {command line}

Logging:
Log output configuration:
 #0: stdout all=off uptime,level,tags
 #1: stderr all=off uptime,level,tags

Environment Variables:
JAVA_HOME=C:\Program Files\Java\jre1.8.0_181\
_JAVA_OPTIONS=-Xmx1024M
PATH=C:\Program Files (x86)\Common Files\Intel\Shared Libraries\redist\intel64\compiler;C:\Windows\system32;C:\Windows;C:\Windows\System32\Wbem;C:\Windows\System32\WindowsPowerShell\v1.0\;C:\Windows\System32\OpenSSH\;C:\Program Files (x86)\NVIDIA Corporation\PhysX\Common;C:\Program Files (x86)\GnuWin32\bin;C:\Program Files (x86)\sbt\bin;C:\Program Files\JDK\jdk-22\bin;C:\Program Files\dotnet\;C;C:\Program Files\Git\cmd;C:\Program Files\PowerShell\7-preview\preview;C:\ProgramData\chocolatey\bin;C:\Users\tenet\Downloads\ookla-speedtest-1.2.0-win64;C:\Program Files\Java\jre1.8.0_181\bin;;C:\Program Files\NVIDIA Corporation\NVIDIA app\NvDLISR;C:\Users\tenet\AppData\Local\Programs\Python\Python312\Scripts\;C:\Users\tenet\AppData\Local\Programs\Python\Python312\;C:\Users\tenet\AppData\Local\Microsoft\WindowsApps;C:\Users\tenet\AppData\Local\JetBrains\Toolbox\scripts;C:\Program Files\JetBrains\RustRover 233.10527.39\bin;;C:\Users\tenet\AppData\Local\Programs\Microsoft VS Code Insiders\bin;C:\Users\tenet\AppData\Local\Programs\oh-my-posh\bin;C:\Users\tenet\.dotnet\tools;C:\Users\tenet\AppData\Local\GitHubDesktop\bin
USERNAME=tenet
OS=Windows_NT
PROCESSOR_IDENTIFIER=AMD64 Family 25 Model 68 Stepping 1, AuthenticAMD
TMP=C:\Users\tenet\AppData\Local\Temp
TEMP=C:\Users\tenet\AppData\Local\Temp



Periodic native trim disabled


---------------  S Y S T E M  ---------------

OS:
 Windows 11 , 64 bit Build 22621 (10.0.22621.3958)
OS uptime: 0 days 3:40 hours
Hyper-V role detected

CPU: total 12 (initial active 12) (12 cores per cpu, 2 threads per core) family 25 model 68 stepping 1 microcode 0x0, cx8, cmov, fxsr, ht, mmx, 3dnowpref, sse, sse2, sse3, ssse3, sse4a, sse4.1, sse4.2, popcnt, lzcnt, tsc, tscinvbit, avx, avx2, aes, erms, clmul, bmi1, bmi2, adx, sha, fma, vzeroupper, clflush, clflushopt, hv
Processor Information for processor 0
  Max Mhz: 3301, Current Mhz: 2008, Mhz Limit: 3301
Processor Information for processor 1
  Max Mhz: 3301, Current Mhz: 3301, Mhz Limit: 3301
Processor Information for processor 2
  Max Mhz: 3301, Current Mhz: 2008, Mhz Limit: 3301
Processor Information for processor 3
  Max Mhz: 3301, Current Mhz: 3301, Mhz Limit: 3301
Processor Information for processor 4
  Max Mhz: 3301, Current Mhz: 3301, Mhz Limit: 3301
Processor Information for processor 5
  Max Mhz: 3301, Current Mhz: 2008, Mhz Limit: 3301
Processor Information for processor 6
  Max Mhz: 3301, Current Mhz: 3301, Mhz Limit: 3301
Processor Information for processor 7
  Max Mhz: 3301, Current Mhz: 2008, Mhz Limit: 3301
Processor Information for processor 8
  Max Mhz: 3301, Current Mhz: 3301, Mhz Limit: 3301
Processor Information for processor 9
  Max Mhz: 3301, Current Mhz: 3301, Mhz Limit: 3301
Processor Information for processor 10
  Max Mhz: 3301, Current Mhz: 3301, Mhz Limit: 3301
Processor Information for processor 11
  Max Mhz: 3301, Current Mhz: 3301, Mhz Limit: 3301

Memory: 4k page, system-wide physical 15557M (5973M free)
TotalPageFile size 15557M (AvailPageFile size 5M)
current process WorkingSet (physical memory assigned to process): 186M, peak: 188M
current process commit charge ("private bytes"): 288M, peak: 290M

vm_info: OpenJDK 64-Bit Server VM (17.0.12+7) for windows-amd64 JRE (17.0.12+7), built on Jul 16 2024 22:08:24 by "admin" with MS VC++ 16.10 / 16.11 (VS2019)

END.
