#
# There is insufficient memory for the Java Runtime Environment to continue.
# Native memory allocation (mmap) failed to map 65536 bytes. Error detail: Failed to commit metaspace.
# Possible reasons:
#   The system is out of physical RAM or swap space
#   This process is running with CompressedOops enabled, and the Java Heap may be blocking the growth of the native heap
# Possible solutions:
#   Reduce memory load on the system
#   Increase physical memory or swap space
#   Check if swap backing store is full
#   Decrease Java heap size (-Xmx/-Xms)
#   Decrease number of Java threads
#   Decrease Java thread stack sizes (-Xss)
#   Set larger code cache with -XX:ReservedCodeCacheSize=
#   JVM is running with Unscaled Compressed Oops mode in which the Java heap is
#     placed in the first 4GB address space. The Java Heap base address is the
#     maximum limit for the native heap growth. Please use -XX:HeapBaseMinAddress
#     to set the Java Heap base and to place the Java Heap above 4GB virtual address.
# This output file may be truncated or incomplete.
#
#  Out of Memory Error (virtualSpaceNode.cpp:110), pid=2432, tid=5432
#
# JRE version: OpenJDK Runtime Environment Temurin-17.0.12+7 (17.0.12+7) (build 17.0.12+7)
# Java VM: OpenJDK 64-Bit Server VM Temurin-17.0.12+7 (17.0.12+7, mixed mode, tiered, compressed oops, compressed class ptrs, parallel gc, windows-amd64)
# No core dump will be written. Minidumps are not enabled by default on client versions of Windows
#

---------------  S U M M A R Y ------------

Command Line: --add-modules=ALL-SYSTEM --add-opens=java.base/java.util=ALL-UNNAMED --add-opens=java.base/java.lang=ALL-UNNAMED --add-opens=java.base/sun.nio.fs=ALL-UNNAMED -Declipse.application=org.eclipse.jdt.ls.core.id1 -Dosgi.bundles.defaultStartLevel=4 -Declipse.product=org.eclipse.jdt.ls.core.product -Djava.import.generatesMetadataFilesAtProjectRoot=false -DDetectVMInstallationsJob.disabled=true -Dfile.encoding=utf8 -XX:+UseParallelGC -XX:GCTimeRatio=4 -XX:AdaptiveSizePolicyWeight=90 -Dsun.zip.disableMemoryMapping=true -Xmx1G -Xms100m -Xlog:disable -javaagent:c:\Users\tenet\.vscode-insiders\extensions\redhat.java-1.34.2024081608-win32-x64\lombok\lombok-1.18.33.jar -Xmx1024M c:\Users\tenet\.vscode-insiders\extensions\redhat.java-1.34.2024081608-win32-x64\server\plugins\org.eclipse.equinox.launcher_1.6.900.v20240613-2009.jar -configuration c:\Users\tenet\AppData\Roaming\Code - Insiders\User\globalStorage\redhat.java\1.34.2024081608\config_ss_win -data c:\Users\tenet\AppData\Roaming\Code - Insiders\User\workspaceStorage\dc051d807f8656ab26a78bfd4f4b833c\redhat.java\ss_ws --pipe=\\.\pipe\lsp-a68911e87ec92ba30a0abe385bec8db2-sock

Host: AMD Ryzen 5 6600H with Radeon Graphics         , 12 cores, 15G,  Windows 11 , 64 bit Build 22621 (10.0.22621.3958)
Time: Fri Aug 16 17:08:23 2024 India Standard Time elapsed time: 0.398118 seconds (0d 0h 0m 0s)

---------------  T H R E A D  ---------------

Current thread (0x0000026bf9362b70):  JavaThread "main" [_thread_in_vm, id=5432, stack(0x000000c275f00000,0x000000c276000000)]

Stack: [0x000000c275f00000,0x000000c276000000]
Native frames: (J=compiled Java code, j=interpreted, Vv=VM code, C=native code)
V  [jvm.dll+0x67f929]
V  [jvm.dll+0x8371ba]
V  [jvm.dll+0x838c7e]
V  [jvm.dll+0x8392e3]
V  [jvm.dll+0x24834f]
V  [jvm.dll+0x832e6d]
V  [jvm.dll+0x623e9e]
V  [jvm.dll+0x623f0a]
V  [jvm.dll+0x626724]
V  [jvm.dll+0x624846]
V  [jvm.dll+0x23db26]
V  [jvm.dll+0x1ec8cb]
V  [jvm.dll+0x1e2261]
V  [jvm.dll+0x54468e]
V  [jvm.dll+0x1f2ce7]
V  [jvm.dll+0x7b056b]
V  [jvm.dll+0x7b1939]
V  [jvm.dll+0x7b1c88]
V  [jvm.dll+0x2404de]
V  [jvm.dll+0x3833fe]
C  0x0000026b8754afbb

The last pc belongs to new (printed below).
Java frames: (J=compiled Java code, j=interpreted, Vv=VM code)
j  sun.security.x509.X509CertInfo.parse(Lsun/security/util/DerValue;)V+88 java.base@17.0.12
j  sun.security.x509.X509CertInfo.<init>(Lsun/security/util/DerValue;)V+67 java.base@17.0.12
j  sun.security.x509.X509CertImpl.parse(Lsun/security/util/DerValue;)V+228 java.base@17.0.12
j  sun.security.x509.X509CertImpl.<init>([B)V+50 java.base@17.0.12
j  sun.security.provider.X509Factory.engineGenerateCertificate(Ljava/io/InputStream;)Ljava/security/cert/Certificate;+54 java.base@17.0.12
j  java.security.cert.CertificateFactory.generateCertificate(Ljava/io/InputStream;)Ljava/security/cert/Certificate;+5 java.base@17.0.12
j  sun.security.pkcs.PKCS7.parseSignedData(Lsun/security/util/DerValue;)V+264 java.base@17.0.12
j  sun.security.pkcs.PKCS7.parse(Lsun/security/util/DerInputStream;Z)V+55 java.base@17.0.12
j  sun.security.pkcs.PKCS7.parse(Lsun/security/util/DerInputStream;)V+11 java.base@17.0.12
j  sun.security.pkcs.PKCS7.<init>([B)V+50 java.base@17.0.12
j  sun.security.util.SignatureFileVerifier.<init>(Ljava/util/ArrayList;Lsun/security/util/ManifestDigester;Ljava/lang/String;[B)V+40 java.base@17.0.12
j  java.util.jar.JarVerifier.processEntry(Lsun/security/util/ManifestEntryVerifier;)V+322 java.base@17.0.12
j  java.util.jar.JarVerifier.update(I[BIILsun/security/util/ManifestEntryVerifier;)V+39 java.base@17.0.12
j  java.util.jar.JarFile.initializeVerifier()V+163 java.base@17.0.12
j  java.util.jar.JarFile.ensureInitialization()V+41 java.base@17.0.12
j  java.util.jar.JavaUtilJarAccessImpl.ensureInitialization(Ljava/util/jar/JarFile;)V+1 java.base@17.0.12
j  jdk.internal.loader.URLClassPath$JarLoader$2.getManifest()Ljava/util/jar/Manifest;+10 java.base@17.0.12
j  jdk.internal.loader.BuiltinClassLoader.defineClass(Ljava/lang/String;Ljdk/internal/loader/Resource;)Ljava/lang/Class;+29 java.base@17.0.12
j  jdk.internal.loader.BuiltinClassLoader.findClassOnClassPathOrNull(Ljava/lang/String;)Ljava/lang/Class;+37 java.base@17.0.12
j  jdk.internal.loader.BuiltinClassLoader.loadClassOrNull(Ljava/lang/String;Z)Ljava/lang/Class;+111 java.base@17.0.12
j  jdk.internal.loader.BuiltinClassLoader.loadClass(Ljava/lang/String;Z)Ljava/lang/Class;+3 java.base@17.0.12
j  jdk.internal.loader.ClassLoaders$AppClassLoader.loadClass(Ljava/lang/String;Z)Ljava/lang/Class;+36 java.base@17.0.12
j  java.lang.ClassLoader.loadClass(Ljava/lang/String;)Ljava/lang/Class;+3 java.base@17.0.12
v  ~StubRoutines::call_stub
j  java.lang.Class.forName0(Ljava/lang/String;ZLjava/lang/ClassLoader;Ljava/lang/Class;)Ljava/lang/Class;+0 java.base@17.0.12
j  java.lang.Class.forName(Ljava/lang/String;ZLjava/lang/ClassLoader;)Ljava/lang/Class;+43 java.base@17.0.12
j  sun.launcher.LauncherHelper.loadMainClass(ILjava/lang/String;)Ljava/lang/Class;+95 java.base@17.0.12
j  sun.launcher.LauncherHelper.checkAndLoadMain(ZILjava/lang/String;)Ljava/lang/Class;+42 java.base@17.0.12
v  ~StubRoutines::call_stub
new  187 new  [0x0000026b8754ae20, 0x0000026b8754b040]  544 bytes
[MachCode]
  0x0000026b8754ae20: 4883 ec08 | c5fa 1104 | 24eb 1f48 | 83ec 10c5 | fb11 0424 | eb14 4883 | ec10 4889 | 0424 48c7 
  0x0000026b8754ae40: 4424 0800 | 0000 00eb | 0150 410f | b755 010f | cac1 ea10 | 488b 4de8 | 488b 4908 | 488b 4908 
  0x0000026b8754ae60: 488b 4108 | 807c 1004 | 070f 85d6 | 0000 0066 | 8b54 d148 | 488b 4928 | 488b 4cd1 | 0851 80b9 
  0x0000026b8754ae80: 3301 0000 | 040f 85b9 | 0000 008b | 5108 f7c2 | 0100 0000 | 0f85 aa00 | 0000 498b | 8708 0100 
  0x0000026b8754aea0: 0048 8d1c | 1049 3b9f | 1801 0000 | 0f87 9200 | 0000 4989 | 9f08 0100 | 00e9 0000 | 0000 4883 
  0x0000026b8754aec0: ea10 0f84 | 0f00 0000 | 33c9 c1ea | 0348 894c | d008 48ff | ca75 f648 | c700 0100 | 0000 5933 
  0x0000026b8754aee0: f689 700c | 48c1 e903 | 8948 0849 | bad9 b56c | c8fd 7f00 | 0041 803a | 000f 8440 | 0000 0050 
  0x0000026b8754af00: 488b c848 | 83ec 20f7 | c40f 0000 | 000f 841a | 0000 0048 | 83ec 0849 | bab0 4c22 | c8fd 7f00 
  0x0000026b8754af20: 0041 ffd2 | 4883 c408 | e90d 0000 | 0049 bab0 | 4c22 c8fd | 7f00 0041 | ffd2 4883 | c420 58e9 
  0x0000026b8754af40: cd00 0000 | 5948 8b55 | e848 8b52 | 0848 8b52 | 0845 0fb7 | 4501 410f | c841 c1e8 | 10e8 0500 
  0x0000026b8754af60: 0000 e9aa | 0000 0048 | 8d44 2408 | 4c89 6dc0 | 498b cfc5 | f877 4989 | afa8 0200 | 0049 8987 
  0x0000026b8754af80: 9802 0000 | 4883 ec20 | f7c4 0f00 | 0000 0f84 | 1a00 0000 | 4883 ec08 | 49ba b033 | ecc7 fd7f 
  0x0000026b8754afa0: 0000 41ff | d248 83c4 | 08e9 0d00 | 0000 49ba | b033 ecc7 | fd7f 0000 | 41ff d248 | 83c4 2049 
  0x0000026b8754afc0: c787 9802 | 0000 0000 | 0000 49c7 | 87a8 0200 | 0000 0000 | 0049 c787 | a002 0000 | 0000 0000 
  0x0000026b8754afe0: c5f8 7749 | 817f 0800 | 0000 000f | 8405 0000 | 00e9 0a5f | feff 498b | 87f0 0200 | 0049 c787 
  0x0000026b8754b000: f002 0000 | 0000 0000 | 4c8b 6dc0 | 4c8b 75c8 | c341 0fb6 | 5d03 4983 | c503 49ba | 9022 6fc8 
  0x0000026b8754b020: fd7f 0000 | 41ff 24da | 0000 0000 | 0000 0000 | 0000 0000 | 0000 0000 | 0000 0000 | 0000 0000 
[/MachCode]

---------------  P R O C E S S  ---------------

Threads class SMR info:
_java_thread_list=0x0000026b93ab15e0, length=13, elements={
0x0000026bf9362b70, 0x0000026bfe1e0030, 0x0000026bfe1e4380, 0x0000026bfe1ee290,
0x0000026bff2a5000, 0x0000026bff2a6070, 0x0000026bff2a7950, 0x0000026bff2a8550,
0x0000026bff2a96b0, 0x0000026bff2b0b30, 0x0000026bf93c8950, 0x0000026bff483550,
0x0000026bff5f8400
}

Java Threads: ( => current thread )
=>0x0000026bf9362b70 JavaThread "main" [_thread_in_vm, id=5432, stack(0x000000c275f00000,0x000000c276000000)]
  0x0000026bfe1e0030 JavaThread "Reference Handler" daemon [_thread_blocked, id=19660, stack(0x000000c276200000,0x000000c276300000)]
  0x0000026bfe1e4380 JavaThread "Finalizer" daemon [_thread_blocked, id=22128, stack(0x000000c276300000,0x000000c276400000)]
  0x0000026bfe1ee290 JavaThread "Signal Dispatcher" daemon [_thread_blocked, id=17236, stack(0x000000c276400000,0x000000c276500000)]
  0x0000026bff2a5000 JavaThread "Attach Listener" daemon [_thread_blocked, id=8392, stack(0x000000c276500000,0x000000c276600000)]
  0x0000026bff2a6070 JavaThread "Service Thread" daemon [_thread_blocked, id=10908, stack(0x000000c276600000,0x000000c276700000)]
  0x0000026bff2a7950 JavaThread "Monitor Deflation Thread" daemon [_thread_blocked, id=22392, stack(0x000000c276700000,0x000000c276800000)]
  0x0000026bff2a8550 JavaThread "C2 CompilerThread0" daemon [_thread_blocked, id=6580, stack(0x000000c276800000,0x000000c276900000)]
  0x0000026bff2a96b0 JavaThread "C1 CompilerThread0" daemon [_thread_in_vm, id=23544, stack(0x000000c276900000,0x000000c276a00000)]
  0x0000026bff2b0b30 JavaThread "Sweeper thread" daemon [_thread_blocked, id=19132, stack(0x000000c276a00000,0x000000c276b00000)]
  0x0000026bf93c8950 JavaThread "Common-Cleaner" daemon [_thread_blocked, id=20756, stack(0x000000c276b00000,0x000000c276c00000)]
  0x0000026bff483550 JavaThread "C2 CompilerThread1" daemon [_thread_blocked, id=5948, stack(0x000000c276c00000,0x000000c276d00000)]
  0x0000026bff5f8400 JavaThread "Notification Thread" daemon [_thread_blocked, id=9576, stack(0x000000c276d00000,0x000000c276e00000)]

Other Threads:
  0x0000026bf940ebe0 VMThread "VM Thread" [stack: 0x000000c276100000,0x000000c276200000] [id=14360]
  0x0000026bff5f88e0 WatcherThread [stack: 0x000000c276e00000,0x000000c276f00000] [id=3892]
  0x0000026bf937c4e0 GCTaskThread "GC Thread#0" [stack: 0x000000c276000000,0x000000c276100000] [id=15100]

Threads with active compile tasks:
C1 CompilerThread0      417  476   !   3       lombok.patcher.ScriptManager$OurClassFileTransformer::transform (364 bytes)

VM state: not at safepoint (normal execution)

VM Mutex/Monitor currently owned by a thread:  ([mutex/lock_event])
[0x0000026bf71feec0] Metaspace_lock - owner thread: 0x0000026bf9362b70
[0x0000026bf935ec00] MethodData_lock - owner thread: 0x0000026bff2a96b0

Heap address: 0x00000000c0000000, size: 1024 MB, Compressed Oops mode: 32-bit

CDS archive(s) not mapped
Compressed class space mapped at: 0x0000000100000000-0x0000000140000000, reserved size: 1073741824
Narrow klass base: 0x0000000000000000, Narrow klass shift: 3, Narrow klass range: 0x140000000

GC Precious Log:
 CPUs: 12 total, 12 available
 Memory: 15557M
 Large Page Support: Disabled
 NUMA Support: Disabled
 Compressed Oops: Enabled (32-bit)
 Alignments: Space 512K, Generation 512K, Heap 2M
 Heap Min Capacity: 100M
 Heap Initial Capacity: 100M
 Heap Max Capacity: 1G
 Pre-touch: Disabled
 Parallel Workers: 10

Heap:
 PSYoungGen      total 29696K, used 9486K [0x00000000eab00000, 0x00000000ecc00000, 0x0000000100000000)
  eden space 25600K, 37% used [0x00000000eab00000,0x00000000eb443ad8,0x00000000ec400000)
  from space 4096K, 0% used [0x00000000ec800000,0x00000000ec800000,0x00000000ecc00000)
  to   space 4096K, 0% used [0x00000000ec400000,0x00000000ec400000,0x00000000ec800000)
 ParOldGen       total 68608K, used 0K [0x00000000c0000000, 0x00000000c4300000, 0x00000000eab00000)
  object space 68608K, 0% used [0x00000000c0000000,0x00000000c0000000,0x00000000c4300000)
 Metaspace       used 7002K, committed 7104K, reserved 1114112K
  class space    used 680K, committed 768K, reserved 1048576K

Card table byte_map: [0x0000026bf8d20000,0x0000026bf8f30000] _byte_map_base: 0x0000026bf8720000

Marking Bits: (ParMarkBitMap*) 0x00007ffdc86e58b0
 Begin Bits: [0x0000026bfbff0000, 0x0000026bfcff0000)
 End Bits:   [0x0000026bfcff0000, 0x0000026bfdff0000)

Polling page: 0x0000026bf8b10000

Metaspace:

Usage:
  Non-class:      6.17 MB used.
      Class:    680.52 KB used.
       Both:      6.84 MB used.

Virtual space:
  Non-class space:       64.00 MB reserved,       6.19 MB ( 10%) committed,  1 nodes.
      Class space:        1.00 GB reserved,     768.00 KB ( <1%) committed,  1 nodes.
             Both:        1.06 GB reserved,       6.94 MB ( <1%) committed. 

Chunk freelists:
   Non-Class:  9.00 MB
       Class:  15.21 MB
        Both:  24.21 MB

MaxMetaspaceSize: unlimited
CompressedClassSpaceSize: 1.00 GB
Initial GC threshold: 21.00 MB
Current GC threshold: 21.00 MB
CDS: off
MetaspaceReclaimPolicy: balanced
 - commit_granule_bytes: 65536.
 - commit_granule_words: 8192.
 - virtual_space_node_default_size: 8388608.
 - enlarge_chunks_in_place: 1.
 - new_chunks_are_fully_committed: 0.
 - uncommit_free_chunks: 1.
 - use_allocation_guard: 0.
 - handle_deallocations: 1.


Internal statistics:

num_allocs_failed_limit: 0.
num_arena_births: 10.
num_arena_deaths: 0.
num_vsnodes_births: 2.
num_vsnodes_deaths: 0.
num_space_committed: 111.
num_space_uncommitted: 0.
num_chunks_returned_to_freelist: 0.
num_chunks_taken_from_freelist: 40.
num_chunk_merges: 0.
num_chunk_splits: 23.
num_chunks_enlarged: 21.
num_inconsistent_stats: 0.

CodeHeap 'non-profiled nmethods': size=120000Kb used=151Kb max_used=151Kb free=119848Kb
 bounds [0x0000026b87ad0000, 0x0000026b87d40000, 0x0000026b8f000000]
CodeHeap 'profiled nmethods': size=120000Kb used=658Kb max_used=658Kb free=119341Kb
 bounds [0x0000026b80000000, 0x0000026b80270000, 0x0000026b87530000]
CodeHeap 'non-nmethods': size=5760Kb used=1105Kb max_used=1130Kb free=4654Kb
 bounds [0x0000026b87530000, 0x0000026b877a0000, 0x0000026b87ad0000]
 total_blobs=860 nmethods=475 adapters=300
 compilation: enabled
              stopped_count=0, restarted_count=0
 full_count=0

Compilation events (20 events):
Event: 0.394 Thread 0x0000026bff2a96b0  466       3       java.lang.Integer::parseInt (7 bytes)
Event: 0.394 Thread 0x0000026bff2a96b0 nmethod 466 0x0000026b800a2f90 code [0x0000026b800a3120, 0x0000026b800a3248]
Event: 0.394 Thread 0x0000026bff2a96b0  467       3       sun.security.util.ObjectIdentifier::checkOidSize (86 bytes)
Event: 0.394 Thread 0x0000026bff483550  473       4       java.util.ArrayList$Itr::hasNext (20 bytes)
Event: 0.394 Thread 0x0000026bff2a8550  474       4       java.util.Collections$UnmodifiableCollection$1::hasNext (10 bytes)
Event: 0.395 Thread 0x0000026bff2a96b0 nmethod 467 0x0000026b800a3310 code [0x0000026b800a3620, 0x0000026b800a43a8]
Event: 0.395 Thread 0x0000026bff2a96b0  468       1       sun.instrument.TransformerManager::getSnapshotTransformerList (5 bytes)
Event: 0.395 Thread 0x0000026bff2a96b0 nmethod 468 0x0000026b87af4190 code [0x0000026b87af4320, 0x0000026b87af43f8]
Event: 0.395 Thread 0x0000026bff2a96b0  469       1       sun.instrument.TransformerManager$TransformerInfo::transformer (5 bytes)
Event: 0.395 Thread 0x0000026bff483550 nmethod 473 0x0000026b87af4490 code [0x0000026b87af4600, 0x0000026b87af4698]
Event: 0.395 Thread 0x0000026bff2a96b0 nmethod 469 0x0000026b87af4790 code [0x0000026b87af4920, 0x0000026b87af49f8]
Event: 0.395 Thread 0x0000026bff2a96b0  470       1       lombok.patcher.ScriptManager::access$0 (5 bytes)
Event: 0.395 Thread 0x0000026bff2a96b0 nmethod 470 0x0000026b87af4a90 code [0x0000026b87af4c20, 0x0000026b87af4cd8]
Event: 0.395 Thread 0x0000026bff2a96b0  471       1       lombok.patcher.ScriptManager::access$2 (5 bytes)
Event: 0.396 Thread 0x0000026bff2a8550 nmethod 474 0x0000026b87af4d90 code [0x0000026b87af4f20, 0x0000026b87af4fd8]
Event: 0.396 Thread 0x0000026bff2a96b0 nmethod 471 0x0000026b87af5090 code [0x0000026b87af5220, 0x0000026b87af52d8]
Event: 0.396 Thread 0x0000026bff2a96b0  472       1       lombok.patcher.ScriptManager::access$1 (5 bytes)
Event: 0.396 Thread 0x0000026bff2a96b0 nmethod 472 0x0000026b87af5390 code [0x0000026b87af5520, 0x0000026b87af55d8]
Event: 0.396 Thread 0x0000026bff483550  475       4       java.util.HashMap$HashIterator::<init> (79 bytes)
Event: 0.397 Thread 0x0000026bff2a96b0  476   !   3       lombok.patcher.ScriptManager$OurClassFileTransformer::transform (364 bytes)

GC Heap History (0 events):
No events

Dll operation events (8 events):
Event: 0.015 Loaded shared library c:\Users\tenet\.vscode-insiders\extensions\redhat.java-1.34.2024081608-win32-x64\jre\17.0.12-win32-x86_64\bin\java.dll
Event: 0.165 Loaded shared library c:\Users\tenet\.vscode-insiders\extensions\redhat.java-1.34.2024081608-win32-x64\jre\17.0.12-win32-x86_64\bin\zip.dll
Event: 0.169 Loaded shared library C:\Users\tenet\.vscode-insiders\extensions\redhat.java-1.34.2024081608-win32-x64\jre\17.0.12-win32-x86_64\bin\instrument.dll
Event: 0.186 Loaded shared library C:\Users\tenet\.vscode-insiders\extensions\redhat.java-1.34.2024081608-win32-x64\jre\17.0.12-win32-x86_64\bin\net.dll
Event: 0.188 Loaded shared library C:\Users\tenet\.vscode-insiders\extensions\redhat.java-1.34.2024081608-win32-x64\jre\17.0.12-win32-x86_64\bin\nio.dll
Event: 0.196 Loaded shared library C:\Users\tenet\.vscode-insiders\extensions\redhat.java-1.34.2024081608-win32-x64\jre\17.0.12-win32-x86_64\bin\zip.dll
Event: 0.212 Loaded shared library C:\Users\tenet\.vscode-insiders\extensions\redhat.java-1.34.2024081608-win32-x64\jre\17.0.12-win32-x86_64\bin\jimage.dll
Event: 0.277 Loaded shared library c:\Users\tenet\.vscode-insiders\extensions\redhat.java-1.34.2024081608-win32-x64\jre\17.0.12-win32-x86_64\bin\verify.dll

Deoptimization events (20 events):
Event: 0.363 Thread 0x0000026bf9362b70 DEOPT PACKING pc=0x0000026b87adb6dc sp=0x000000c275ffe740
Event: 0.363 Thread 0x0000026bf9362b70 DEOPT UNPACKING pc=0x0000026b875866a3 sp=0x000000c275ffe6d0 mode 2
Event: 0.364 Thread 0x0000026bf9362b70 Uncommon trap: trap_request=0xffffff45 fr.pc=0x0000026b87adf174 relative=0x0000000000000074
Event: 0.364 Thread 0x0000026bf9362b70 Uncommon trap: reason=unstable_if action=reinterpret pc=0x0000026b87adf174 method=java.lang.String.isLatin1()Z @ 10 c2
Event: 0.364 Thread 0x0000026bf9362b70 DEOPT PACKING pc=0x0000026b87adf174 sp=0x000000c275fff1d0
Event: 0.364 Thread 0x0000026bf9362b70 DEOPT UNPACKING pc=0x0000026b875866a3 sp=0x000000c275fff110 mode 2
Event: 0.365 Thread 0x0000026bf9362b70 DEOPT PACKING pc=0x0000026b80019680 sp=0x000000c275ffdc80
Event: 0.365 Thread 0x0000026bf9362b70 DEOPT UNPACKING pc=0x0000026b87586e43 sp=0x000000c275ffd140 mode 0
Event: 0.368 Thread 0x0000026bf9362b70 DEOPT PACKING pc=0x0000026b80019680 sp=0x000000c275ffcc50
Event: 0.368 Thread 0x0000026bf9362b70 DEOPT UNPACKING pc=0x0000026b87586e43 sp=0x000000c275ffc110 mode 0
Event: 0.370 Thread 0x0000026bf9362b70 DEOPT PACKING pc=0x0000026b80019680 sp=0x000000c275ffb4a0
Event: 0.370 Thread 0x0000026bf9362b70 DEOPT UNPACKING pc=0x0000026b87586e43 sp=0x000000c275ffa960 mode 0
Event: 0.371 Thread 0x0000026bf9362b70 DEOPT PACKING pc=0x0000026b80019680 sp=0x000000c275ff9ac0
Event: 0.371 Thread 0x0000026bf9362b70 DEOPT UNPACKING pc=0x0000026b87586e43 sp=0x000000c275ff8f80 mode 0
Event: 0.372 Thread 0x0000026bf9362b70 DEOPT PACKING pc=0x0000026b80019680 sp=0x000000c275ff9ac0
Event: 0.372 Thread 0x0000026bf9362b70 DEOPT UNPACKING pc=0x0000026b87586e43 sp=0x000000c275ff8f80 mode 0
Event: 0.385 Thread 0x0000026bf9362b70 Uncommon trap: trap_request=0xffffff45 fr.pc=0x0000026b87ade9c4 relative=0x0000000000000564
Event: 0.385 Thread 0x0000026bf9362b70 Uncommon trap: reason=unstable_if action=reinterpret pc=0x0000026b87ade9c4 method=java.util.HashMap.putVal(ILjava/lang/Object;Ljava/lang/Object;ZZ)Ljava/lang/Object; @ 181 c2
Event: 0.385 Thread 0x0000026bf9362b70 DEOPT PACKING pc=0x0000026b87ade9c4 sp=0x000000c275ffe020
Event: 0.385 Thread 0x0000026bf9362b70 DEOPT UNPACKING pc=0x0000026b875866a3 sp=0x000000c275ffdf90 mode 2

Classes loaded (20 events):
Event: 0.394 Loading class java/security/cert/X509Extension
Event: 0.394 Loading class java/security/cert/X509Extension done
Event: 0.394 Loading class java/security/cert/X509Certificate done
Event: 0.394 Loading class sun/security/util/Cache$EqualByteArray
Event: 0.394 Loading class sun/security/util/Cache$EqualByteArray done
Event: 0.394 Loading class sun/security/x509/X509CertImpl
Event: 0.395 Loading class sun/security/x509/X509CertImpl done
Event: 0.395 Loading class sun/security/x509/X509CertInfo
Event: 0.396 Loading class sun/security/x509/CertAttrSet
Event: 0.396 Loading class sun/security/x509/CertAttrSet done
Event: 0.396 Loading class sun/security/x509/X509CertInfo done
Event: 0.396 Loading class sun/security/x509/CertificateVersion
Event: 0.396 Loading class sun/security/x509/CertificateVersion done
Event: 0.396 Loading class sun/security/x509/CertificateSerialNumber
Event: 0.396 Loading class sun/security/x509/CertificateSerialNumber done
Event: 0.396 Loading class sun/security/x509/SerialNumber
Event: 0.396 Loading class sun/security/x509/SerialNumber done
Event: 0.396 Loading class sun/security/x509/CertificateAlgorithmId
Event: 0.397 Loading class sun/security/x509/CertificateAlgorithmId done
Event: 0.397 Loading class sun/security/x509/X500Name

Classes unloaded (0 events):
No events

Classes redefined (0 events):
No events

Internal exceptions (2 events):
Event: 0.141 Thread 0x0000026bf9362b70 Exception <a 'java/lang/NoSuchMethodError'{0x00000000eacb50e0}: 'void java.lang.invoke.DirectMethodHandle$Holder.invokeStatic(java.lang.Object, java.lang.Object, java.lang.Object)'> (0x00000000eacb50e0) 
thrown [s\src\hotspot\share\interpreter\linkResolver.cpp, line 759]
Event: 0.299 Thread 0x0000026bf9362b70 Exception <a 'java/lang/reflect/InvocationTargetException'{0x00000000eafec820}> (0x00000000eafec820) 
thrown [s\src\hotspot\share\runtime\reflection.cpp, line 1128]

VM Operations (4 events):
Event: 0.146 Executing VM operation: HandshakeAllThreads
Event: 0.146 Executing VM operation: HandshakeAllThreads done
Event: 0.229 Executing VM operation: HandshakeAllThreads
Event: 0.229 Executing VM operation: HandshakeAllThreads done

Events (13 events):
Event: 0.040 Thread 0x0000026bf9362b70 Thread added: 0x0000026bf9362b70
Event: 0.055 Thread 0x0000026bfe1e0030 Thread added: 0x0000026bfe1e0030
Event: 0.055 Thread 0x0000026bfe1e4380 Thread added: 0x0000026bfe1e4380
Event: 0.074 Thread 0x0000026bfe1ee290 Thread added: 0x0000026bfe1ee290
Event: 0.074 Thread 0x0000026bff2a5000 Thread added: 0x0000026bff2a5000
Event: 0.074 Thread 0x0000026bff2a6070 Thread added: 0x0000026bff2a6070
Event: 0.074 Thread 0x0000026bff2a7950 Thread added: 0x0000026bff2a7950
Event: 0.074 Thread 0x0000026bff2a8550 Thread added: 0x0000026bff2a8550
Event: 0.074 Thread 0x0000026bff2a96b0 Thread added: 0x0000026bff2a96b0
Event: 0.074 Thread 0x0000026bff2b0b30 Thread added: 0x0000026bff2b0b30
Event: 0.124 Thread 0x0000026bf93c8950 Thread added: 0x0000026bf93c8950
Event: 0.155 Thread 0x0000026bff483550 Thread added: 0x0000026bff483550
Event: 0.361 Thread 0x0000026bff5f8400 Thread added: 0x0000026bff5f8400


Dynamic libraries:
0x00007ff7b4e00000 - 0x00007ff7b4e0e000 	c:\Users\tenet\.vscode-insiders\extensions\redhat.java-1.34.2024081608-win32-x64\jre\17.0.12-win32-x86_64\bin\java.exe
0x00007ffe600f0000 - 0x00007ffe60307000 	C:\Windows\SYSTEM32\ntdll.dll
0x00007ffe5e160000 - 0x00007ffe5e224000 	C:\Windows\System32\KERNEL32.DLL
0x00007ffe5d4b0000 - 0x00007ffe5d85d000 	C:\Windows\System32\KERNELBASE.dll
0x00007ffe5d900000 - 0x00007ffe5da11000 	C:\Windows\System32\ucrtbase.dll
0x00007ffe57690000 - 0x00007ffe576a7000 	c:\Users\tenet\.vscode-insiders\extensions\redhat.java-1.34.2024081608-win32-x64\jre\17.0.12-win32-x86_64\bin\jli.dll
0x00007ffe5fed0000 - 0x00007ffe6007e000 	C:\Windows\System32\USER32.dll
0x00007ffe57130000 - 0x00007ffe5714b000 	c:\Users\tenet\.vscode-insiders\extensions\redhat.java-1.34.2024081608-win32-x64\jre\17.0.12-win32-x86_64\bin\VCRUNTIME140.dll
0x00007ffe5dd70000 - 0x00007ffe5dd96000 	C:\Windows\System32\win32u.dll
0x00007ffe60080000 - 0x00007ffe600a9000 	C:\Windows\System32\GDI32.dll
0x00007ffe4c0f0000 - 0x00007ffe4c383000 	C:\Windows\WinSxS\amd64_microsoft.windows.common-controls_6595b64144ccf1df_6.0.22621.3672_none_2713b9d173822955\COMCTL32.dll
0x00007ffe5dc50000 - 0x00007ffe5dd69000 	C:\Windows\System32\gdi32full.dll
0x00007ffe5df60000 - 0x00007ffe5e007000 	C:\Windows\System32\msvcrt.dll
0x00007ffe5d860000 - 0x00007ffe5d8fa000 	C:\Windows\System32\msvcp_win.dll
0x00007ffe5de40000 - 0x00007ffe5de71000 	C:\Windows\System32\IMM32.DLL
0x00007ffe57670000 - 0x00007ffe5767c000 	c:\Users\tenet\.vscode-insiders\extensions\redhat.java-1.34.2024081608-win32-x64\jre\17.0.12-win32-x86_64\bin\vcruntime140_1.dll
0x00007ffe20570000 - 0x00007ffe205fd000 	c:\Users\tenet\.vscode-insiders\extensions\redhat.java-1.34.2024081608-win32-x64\jre\17.0.12-win32-x86_64\bin\msvcp140.dll
0x00007ffdc7b40000 - 0x00007ffdc87aa000 	c:\Users\tenet\.vscode-insiders\extensions\redhat.java-1.34.2024081608-win32-x64\jre\17.0.12-win32-x86_64\bin\server\jvm.dll
0x00007ffe5f800000 - 0x00007ffe5f8b2000 	C:\Windows\System32\ADVAPI32.dll
0x00007ffe5f750000 - 0x00007ffe5f7f9000 	C:\Windows\System32\sechost.dll
0x00007ffe5d410000 - 0x00007ffe5d438000 	C:\Windows\System32\bcrypt.dll
0x00007ffe5e890000 - 0x00007ffe5e9a4000 	C:\Windows\System32\RPCRT4.dll
0x00007ffe5fda0000 - 0x00007ffe5fe11000 	C:\Windows\System32\WS2_32.dll
0x00007ffe5d2d0000 - 0x00007ffe5d31d000 	C:\Windows\SYSTEM32\POWRPROF.dll
0x00007ffe588f0000 - 0x00007ffe58924000 	C:\Windows\SYSTEM32\WINMM.dll
0x00007ffe55cd0000 - 0x00007ffe55cda000 	C:\Windows\SYSTEM32\VERSION.dll
0x00007ffe5d2b0000 - 0x00007ffe5d2c3000 	C:\Windows\SYSTEM32\UMPDC.dll
0x00007ffe5c410000 - 0x00007ffe5c428000 	C:\Windows\SYSTEM32\kernel.appcore.dll
0x00007ffe55d30000 - 0x00007ffe55d3a000 	c:\Users\tenet\.vscode-insiders\extensions\redhat.java-1.34.2024081608-win32-x64\jre\17.0.12-win32-x86_64\bin\jimage.dll
0x00007ffe5a8f0000 - 0x00007ffe5ab22000 	C:\Windows\SYSTEM32\DBGHELP.DLL
0x00007ffe5e250000 - 0x00007ffe5e5dd000 	C:\Windows\System32\combase.dll
0x00007ffe5de80000 - 0x00007ffe5df57000 	C:\Windows\System32\OLEAUT32.dll
0x00007ffe53560000 - 0x00007ffe53592000 	C:\Windows\SYSTEM32\dbgcore.DLL
0x00007ffe5dda0000 - 0x00007ffe5de1b000 	C:\Windows\System32\bcryptPrimitives.dll
0x00007ffe4af40000 - 0x00007ffe4af4e000 	c:\Users\tenet\.vscode-insiders\extensions\redhat.java-1.34.2024081608-win32-x64\jre\17.0.12-win32-x86_64\bin\instrument.dll
0x00007ffe2e7a0000 - 0x00007ffe2e7c5000 	c:\Users\tenet\.vscode-insiders\extensions\redhat.java-1.34.2024081608-win32-x64\jre\17.0.12-win32-x86_64\bin\java.dll
0x00007ffe41680000 - 0x00007ffe41698000 	c:\Users\tenet\.vscode-insiders\extensions\redhat.java-1.34.2024081608-win32-x64\jre\17.0.12-win32-x86_64\bin\zip.dll
0x00007ffe5ede0000 - 0x00007ffe5f648000 	C:\Windows\System32\SHELL32.dll
0x00007ffe5b310000 - 0x00007ffe5bc0e000 	C:\Windows\SYSTEM32\windows.storage.dll
0x00007ffe5b1d0000 - 0x00007ffe5b30f000 	C:\Windows\SYSTEM32\wintypes.dll
0x00007ffe5e010000 - 0x00007ffe5e109000 	C:\Windows\System32\SHCORE.dll
0x00007ffe5f8c0000 - 0x00007ffe5f91e000 	C:\Windows\System32\shlwapi.dll
0x00007ffe5d340000 - 0x00007ffe5d361000 	C:\Windows\SYSTEM32\profapi.dll
0x00007ffe3ca40000 - 0x00007ffe3ca59000 	C:\Users\tenet\.vscode-insiders\extensions\redhat.java-1.34.2024081608-win32-x64\jre\17.0.12-win32-x86_64\bin\net.dll
0x00007ffe59b60000 - 0x00007ffe59c96000 	C:\Windows\SYSTEM32\WINHTTP.dll
0x00007ffe5c890000 - 0x00007ffe5c8f9000 	C:\Windows\system32\mswsock.dll
0x00007ffe2ff90000 - 0x00007ffe2ffa6000 	C:\Users\tenet\.vscode-insiders\extensions\redhat.java-1.34.2024081608-win32-x64\jre\17.0.12-win32-x86_64\bin\nio.dll
0x00007ffe4af30000 - 0x00007ffe4af40000 	c:\Users\tenet\.vscode-insiders\extensions\redhat.java-1.34.2024081608-win32-x64\jre\17.0.12-win32-x86_64\bin\verify.dll

dbghelp: loaded successfully - version: 4.0.5 - missing functions: none
symbol engine: initialized successfully - sym options: 0x614 - pdb path: .;c:\Users\tenet\.vscode-insiders\extensions\redhat.java-1.34.2024081608-win32-x64\jre\17.0.12-win32-x86_64\bin;C:\Windows\SYSTEM32;C:\Windows\WinSxS\amd64_microsoft.windows.common-controls_6595b64144ccf1df_6.0.22621.3672_none_2713b9d173822955;c:\Users\tenet\.vscode-insiders\extensions\redhat.java-1.34.2024081608-win32-x64\jre\17.0.12-win32-x86_64\bin\server

VM Arguments:
jvm_args: --add-modules=ALL-SYSTEM --add-opens=java.base/java.util=ALL-UNNAMED --add-opens=java.base/java.lang=ALL-UNNAMED --add-opens=java.base/sun.nio.fs=ALL-UNNAMED -Declipse.application=org.eclipse.jdt.ls.core.id1 -Dosgi.bundles.defaultStartLevel=4 -Declipse.product=org.eclipse.jdt.ls.core.product -Djava.import.generatesMetadataFilesAtProjectRoot=false -DDetectVMInstallationsJob.disabled=true -Dfile.encoding=utf8 -XX:+UseParallelGC -XX:GCTimeRatio=4 -XX:AdaptiveSizePolicyWeight=90 -Dsun.zip.disableMemoryMapping=true -Xmx1G -Xms100m -Xlog:disable -javaagent:c:\Users\tenet\.vscode-insiders\extensions\redhat.java-1.34.2024081608-win32-x64\lombok\lombok-1.18.33.jar -Xmx1024M 
java_command: c:\Users\tenet\.vscode-insiders\extensions\redhat.java-1.34.2024081608-win32-x64\server\plugins\org.eclipse.equinox.launcher_1.6.900.v20240613-2009.jar -configuration c:\Users\tenet\AppData\Roaming\Code - Insiders\User\globalStorage\redhat.java\1.34.2024081608\config_ss_win -data c:\Users\tenet\AppData\Roaming\Code - Insiders\User\workspaceStorage\dc051d807f8656ab26a78bfd4f4b833c\redhat.java\ss_ws --pipe=\\.\pipe\lsp-a68911e87ec92ba30a0abe385bec8db2-sock
java_class_path (initial): c:\Users\tenet\.vscode-insiders\extensions\redhat.java-1.34.2024081608-win32-x64\server\plugins\org.eclipse.equinox.launcher_1.6.900.v20240613-2009.jar
Launcher Type: SUN_STANDARD

[Global flags]
    uintx AdaptiveSizePolicyWeight                 = 90                                        {product} {command line}
     intx CICompilerCount                          = 4                                         {product} {ergonomic}
    uintx GCTimeRatio                              = 4                                         {product} {command line}
   size_t InitialHeapSize                          = 104857600                                 {product} {command line}
   size_t MaxHeapSize                              = 1073741824                                {product} {command line}
   size_t MaxNewSize                               = 357564416                                 {product} {ergonomic}
   size_t MinHeapDeltaBytes                        = 524288                                    {product} {ergonomic}
   size_t MinHeapSize                              = 104857600                                 {product} {command line}
   size_t NewSize                                  = 34603008                                  {product} {ergonomic}
    uintx NonNMethodCodeHeapSize                   = 5839372                                {pd product} {ergonomic}
    uintx NonProfiledCodeHeapSize                  = 122909434                              {pd product} {ergonomic}
   size_t OldSize                                  = 70254592                                  {product} {ergonomic}
    uintx ProfiledCodeHeapSize                     = 122909434                              {pd product} {ergonomic}
    uintx ReservedCodeCacheSize                    = 251658240                              {pd product} {ergonomic}
     bool SegmentedCodeCache                       = true                                      {product} {ergonomic}
   size_t SoftMaxHeapSize                          = 1073741824                             {manageable} {ergonomic}
     bool UseCompressedClassPointers               = true                           {product lp64_product} {ergonomic}
     bool UseCompressedOops                        = true                           {product lp64_product} {ergonomic}
     bool UseLargePagesIndividualAllocation        = false                                  {pd product} {ergonomic}
     bool UseParallelGC                            = true                                      {product} {command line}

Logging:
Log output configuration:
 #0: stdout all=off uptime,level,tags
 #1: stderr all=off uptime,level,tags

Environment Variables:
JAVA_HOME=C:\Program Files\Java\jre1.8.0_181\
_JAVA_OPTIONS=-Xmx1024M
PATH=C:\Program Files (x86)\Common Files\Intel\Shared Libraries\redist\intel64\compiler;C:\Windows\system32;C:\Windows;C:\Windows\System32\Wbem;C:\Windows\System32\WindowsPowerShell\v1.0\;C:\Windows\System32\OpenSSH\;C:\Program Files (x86)\NVIDIA Corporation\PhysX\Common;C:\Program Files (x86)\GnuWin32\bin;C:\Program Files (x86)\sbt\bin;C:\Program Files\JDK\jdk-22\bin;C:\Program Files\dotnet\;C;C:\Program Files\Git\cmd;C:\Program Files\PowerShell\7-preview\preview;C:\ProgramData\chocolatey\bin;C:\Users\tenet\Downloads\ookla-speedtest-1.2.0-win64;C:\Program Files\Java\jre1.8.0_181\bin;;C:\Program Files\NVIDIA Corporation\NVIDIA app\NvDLISR;C:\Users\tenet\AppData\Local\Programs\Python\Python312\Scripts\;C:\Users\tenet\AppData\Local\Programs\Python\Python312\;C:\Users\tenet\AppData\Local\Microsoft\WindowsApps;C:\Users\tenet\AppData\Local\JetBrains\Toolbox\scripts;C:\Program Files\JetBrains\RustRover 233.10527.39\bin;;C:\Users\tenet\AppData\Local\Programs\Microsoft VS Code Insiders\bin;C:\Users\tenet\AppData\Local\Programs\oh-my-posh\bin;C:\Users\tenet\.dotnet\tools;C:\Users\tenet\AppData\Local\GitHubDesktop\bin
USERNAME=tenet
OS=Windows_NT
PROCESSOR_IDENTIFIER=AMD64 Family 25 Model 68 Stepping 1, AuthenticAMD
TMP=C:\Users\tenet\AppData\Local\Temp
TEMP=C:\Users\tenet\AppData\Local\Temp



Periodic native trim disabled


---------------  S Y S T E M  ---------------

OS:
 Windows 11 , 64 bit Build 22621 (10.0.22621.3958)
OS uptime: 0 days 3:40 hours
Hyper-V role detected

CPU: total 12 (initial active 12) (12 cores per cpu, 2 threads per core) family 25 model 68 stepping 1 microcode 0x0, cx8, cmov, fxsr, ht, mmx, 3dnowpref, sse, sse2, sse3, ssse3, sse4a, sse4.1, sse4.2, popcnt, lzcnt, tsc, tscinvbit, avx, avx2, aes, erms, clmul, bmi1, bmi2, adx, sha, fma, vzeroupper, clflush, clflushopt, hv
Processor Information for processor 0
  Max Mhz: 3301, Current Mhz: 2008, Mhz Limit: 3301
Processor Information for processor 1
  Max Mhz: 3301, Current Mhz: 2008, Mhz Limit: 3301
Processor Information for processor 2
  Max Mhz: 3301, Current Mhz: 3301, Mhz Limit: 3301
Processor Information for processor 3
  Max Mhz: 3301, Current Mhz: 2008, Mhz Limit: 3301
Processor Information for processor 4
  Max Mhz: 3301, Current Mhz: 3301, Mhz Limit: 3301
Processor Information for processor 5
  Max Mhz: 3301, Current Mhz: 2008, Mhz Limit: 3301
Processor Information for processor 6
  Max Mhz: 3301, Current Mhz: 2008, Mhz Limit: 3301
Processor Information for processor 7
  Max Mhz: 3301, Current Mhz: 2008, Mhz Limit: 3301
Processor Information for processor 8
  Max Mhz: 3301, Current Mhz: 3301, Mhz Limit: 3301
Processor Information for processor 9
  Max Mhz: 3301, Current Mhz: 2008, Mhz Limit: 3301
Processor Information for processor 10
  Max Mhz: 3301, Current Mhz: 2008, Mhz Limit: 3301
Processor Information for processor 11
  Max Mhz: 3301, Current Mhz: 3301, Mhz Limit: 3301

Memory: 4k page, system-wide physical 15557M (6024M free)
TotalPageFile size 15557M (AvailPageFile size 113M)
current process WorkingSet (physical memory assigned to process): 45M, peak: 45M
current process commit charge ("private bytes"): 195M, peak: 195M

vm_info: OpenJDK 64-Bit Server VM (17.0.12+7) for windows-amd64 JRE (17.0.12+7), built on Jul 16 2024 22:08:24 by "admin" with MS VC++ 16.10 / 16.11 (VS2019)

END.
